TN:
SF:D:\workspace\fork\projection-grid\js\index.js
FN:9,_interopRequireDefault
FNF:1
FNH:1
FNDA:1,_interopRequireDefault
DA:0,1
DA:1,1
DA:2,1
DA:9,1
LF:4
LH:4
BRDA:9,1,0,1
BRDA:9,1,1,0
BRDA:9,2,0,1
BRDA:9,2,1,1
BRF:4
BRH:4
end_of_record
TN:
SF:D:\workspace\fork\projection-grid\js\factory\grid-factory.js
FN:7,(anonymous_1)
FN:7,defineProperties
FN:7,(anonymous_3)
FN:9,(anonymous_4)
FN:37,_interopRequireDefault
FN:39,_defineProperty
FN:41,_classCallCheck
FN:43,configPlugin
FN:44,(anonymous_9)
FN:49,(anonymous_10)
FN:50,GridFactory
FN:69,definePlugin
FN:76,(anonymous_13)
FN:84,use
FN:90,create
FN:91,(anonymous_16)
FN:95,(anonymous_17)
FNF:17
FNH:17
FNDA:1,(anonymous_1)
FNDA:1,defineProperties
FNDA:1,(anonymous_3)
FNDA:3,(anonymous_4)
FNDA:6,_interopRequireDefault
FNDA:9,_defineProperty
FNDA:3,_classCallCheck
FNDA:3,configPlugin
FNDA:3,(anonymous_9)
FNDA:1,(anonymous_10)
FNDA:3,GridFactory
FNDA:9,definePlugin
FNDA:9,(anonymous_13)
FNDA:9,use
FNDA:3,create
FNDA:9,(anonymous_16)
FNDA:9,(anonymous_17)
DA:0,9
DA:1,1
DA:2,1
DA:3,1
DA:4,1
DA:6,1
DA:7,1
DA:9,3
DA:10,3
DA:14,1
DA:16,3
DA:17,3
DA:18,3
DA:19,3
DA:20,3
DA:25,0
DA:33,9
DA:34,9
DA:36,9
DA:37,9
DA:38,9
DA:39,9
DA:40,0
DA:46,9
DA:47,9
DA:51,3
DA:53,9
DA:55,9
DA:64,3
LF:29
LH:27
BRDA:7,1,0,3
BRDA:7,1,1,3
BRDA:7,2,0,3
BRDA:7,2,1,0
BRDA:7,3,0,1
BRDA:7,3,1,0
BRDA:7,4,0,0
BRDA:7,4,1,1
BRDA:37,5,0,5
BRDA:37,5,1,1
BRDA:37,6,0,6
BRDA:37,6,1,6
BRDA:39,7,0,0
BRDA:39,7,1,9
BRDA:41,8,0,0
BRDA:41,8,1,3
BRDA:51,9,0,3
BRDA:51,9,1,0
BRDA:51,10,0,3
BRDA:51,10,1,3
BRDA:54,11,0,0
BRDA:54,11,1,3
BRDA:60,12,0,3
BRDA:60,12,1,0
BRDA:77,13,0,0
BRDA:77,13,1,9
BRF:26
BRH:22
end_of_record
TN:
SF:D:\workspace\fork\projection-grid\js\factory\renderers-plugin.js
FN:11,_interopRequireDefault
FN:13,(anonymous_2)
FN:14,(anonymous_3)
FNF:3
FNH:1
FNDA:1,_interopRequireDefault
FNDA:0,(anonymous_2)
FNDA:0,(anonymous_3)
DA:0,1
DA:1,1
DA:3,0
DA:6,0
DA:8,0
DA:9,0
DA:10,0
DA:12,0
DA:13,0
DA:17,0
LF:10
LH:2
BRDA:11,1,0,0
BRDA:11,1,1,1
BRDA:11,2,0,1
BRDA:11,2,1,1
BRDA:17,3,0,0
BRDA:17,3,1,0
BRDA:18,4,0,0
BRDA:18,4,1,0
BRDA:21,5,0,0
BRDA:21,5,1,0
BRF:10
BRH:4
end_of_record
TN:
SF:D:\workspace\fork\projection-grid\js\layout\index.js
FNF:0
FNH:0
DA:1,1
LF:1
LH:1
BRF:0
BRH:0
end_of_record
TN:
SF:D:\workspace\fork\projection-grid\js\layout\table.js
FN:3,(anonymous_1)
FN:11,initialize
FN:22,(anonymous_3)
FN:36,onViewPortChange
FN:40,removeSubviews
FN:41,(anonymous_6)
FN:47,remove
FN:50,(anonymous_8)
FN:56,thClick
FN:64,tdClick
FN:72,editableStringChange
FN:85,dataFor
FN:136,toHTML
FN:139,(anonymous_14)
FN:156,update
FN:157,(anonymous_16)
FN:167,(anonymous_17)
FN:175,(anonymous_18)
FN:201,(anonymous_19)
FN:213,scheduleDraw
FN:217,(anonymous_21)
FN:224,drawable
FN:228,getRenderer
FN:229,(anonymous_24)
FN:234,draw
FN:244,middleware
FN:250,(anonymous_27)
FN:266,(anonymous_28)
FN:279,(anonymous_29)
FN:282,(anonymous_30)
FN:289,(anonymous_31)
FN:302,render
FN:309,(anonymous_33)
FNF:33
FNH:1
FNDA:1,(anonymous_1)
FNDA:0,initialize
FNDA:0,(anonymous_3)
FNDA:0,onViewPortChange
FNDA:0,removeSubviews
FNDA:0,(anonymous_6)
FNDA:0,remove
FNDA:0,(anonymous_8)
FNDA:0,thClick
FNDA:0,tdClick
FNDA:0,editableStringChange
FNDA:0,dataFor
FNDA:0,toHTML
FNDA:0,(anonymous_14)
FNDA:0,update
FNDA:0,(anonymous_16)
FNDA:0,(anonymous_17)
FNDA:0,(anonymous_18)
FNDA:0,(anonymous_19)
FNDA:0,scheduleDraw
FNDA:0,(anonymous_21)
FNDA:0,drawable
FNDA:0,getRenderer
FNDA:0,(anonymous_24)
FNDA:0,draw
FNDA:0,middleware
FNDA:0,(anonymous_27)
FNDA:0,(anonymous_28)
FNDA:0,(anonymous_29)
FNDA:0,(anonymous_30)
FNDA:0,(anonymous_31)
FNDA:0,render
FNDA:0,(anonymous_33)
DA:1,1
DA:6,1
DA:14,0
DA:16,0
DA:19,0
DA:21,0
DA:22,0
DA:24,0
DA:25,0
DA:28,0
DA:30,0
DA:32,0
DA:33,0
DA:34,0
DA:39,0
DA:43,0
DA:44,0
DA:46,0
DA:50,0
DA:51,0
DA:52,0
DA:53,0
DA:57,0
DA:59,0
DA:60,0
DA:65,0
DA:67,0
DA:68,0
DA:73,0
DA:74,0
DA:76,0
DA:77,0
DA:78,0
DA:80,0
DA:86,0
DA:87,0
DA:90,0
DA:92,0
DA:93,0
DA:94,0
DA:95,0
DA:96,0
DA:97,0
DA:98,0
DA:100,0
DA:101,0
DA:104,0
DA:105,0
DA:106,0
DA:107,0
DA:108,0
DA:110,0
DA:113,0
DA:114,0
DA:115,0
DA:116,0
DA:118,0
DA:122,0
DA:123,0
DA:125,0
DA:126,0
DA:127,0
DA:130,0
DA:132,0
DA:137,0
DA:139,0
DA:140,0
DA:141,0
DA:142,0
DA:145,0
DA:146,0
DA:153,0
DA:157,0
DA:158,0
DA:161,0
DA:162,0
DA:163,0
DA:164,0
DA:165,0
DA:167,0
DA:168,0
DA:169,0
DA:175,0
DA:177,0
DA:178,0
DA:179,0
DA:181,0
DA:182,0
DA:183,0
DA:184,0
DA:187,0
DA:188,0
DA:191,0
DA:194,0
DA:195,0
DA:198,0
DA:202,0
DA:208,0
DA:210,0
DA:214,0
DA:215,0
DA:217,0
DA:218,0
DA:219,0
DA:225,0
DA:229,0
DA:230,0
DA:235,0
DA:236,0
DA:239,0
DA:241,0
DA:242,0
DA:244,0
DA:245,0
DA:246,0
DA:247,0
DA:248,0
DA:250,0
DA:251,0
DA:252,0
DA:253,0
DA:255,0
DA:259,0
DA:263,0
DA:266,0
DA:267,0
DA:269,0
DA:270,0
DA:273,0
DA:275,0
DA:276,0
DA:279,0
DA:280,0
DA:281,0
DA:282,0
DA:283,0
DA:284,0
DA:285,0
DA:288,0
DA:289,0
DA:290,0
DA:291,0
DA:292,0
DA:299,0
DA:303,0
DA:309,1
DA:310,0
DA:313,1
LF:148
LH:4
BRDA:30,1,0,0
BRDA:30,1,1,0
BRDA:59,2,0,0
BRDA:59,2,1,0
BRDA:67,3,0,0
BRDA:67,3,1,0
BRDA:76,4,0,0
BRDA:76,4,1,0
BRDA:77,5,0,0
BRDA:77,5,1,0
BRDA:77,6,0,0
BRDA:77,6,1,0
BRDA:86,7,0,0
BRDA:86,7,1,0
BRDA:95,8,0,0
BRDA:95,8,1,0
BRDA:104,9,0,0
BRDA:104,9,1,0
BRDA:105,10,0,0
BRDA:105,10,1,0
BRDA:107,11,0,0
BRDA:107,11,1,0
BRDA:113,12,0,0
BRDA:113,12,1,0
BRDA:115,13,0,0
BRDA:115,13,1,0
BRDA:123,14,0,0
BRDA:123,14,1,0
BRDA:126,15,0,0
BRDA:126,15,1,0
BRDA:140,16,0,0
BRDA:140,16,1,0
BRDA:141,17,0,0
BRDA:141,17,1,0
BRDA:141,18,0,0
BRDA:141,18,1,0
BRDA:145,19,0,0
BRDA:145,19,1,0
BRDA:145,20,0,0
BRDA:145,20,1,0
BRDA:158,21,0,0
BRDA:158,21,1,0
BRDA:164,22,0,0
BRDA:164,22,1,0
BRDA:181,23,0,0
BRDA:181,23,1,0
BRDA:181,24,0,0
BRDA:181,24,1,0
BRDA:183,25,0,0
BRDA:183,25,1,0
BRDA:183,26,0,0
BRDA:183,26,1,0
BRDA:187,27,0,0
BRDA:187,27,1,0
BRDA:194,28,0,0
BRDA:194,28,1,0
BRDA:194,29,0,0
BRDA:194,29,1,0
BRDA:214,30,0,0
BRDA:214,30,1,0
BRDA:235,31,0,0
BRDA:235,31,1,0
BRDA:246,32,0,0
BRDA:246,32,1,0
BRDA:251,33,0,0
BRDA:251,33,1,0
BRDA:252,34,0,0
BRDA:252,34,1,0
BRDA:255,35,0,0
BRDA:255,35,1,0
BRDA:263,36,0,0
BRDA:263,36,1,0
BRDA:267,37,0,0
BRDA:267,37,1,0
BRDA:269,38,0,0
BRDA:269,38,1,0
BRDA:275,39,0,0
BRDA:275,39,1,0
BRDA:280,40,0,0
BRDA:280,40,1,0
BRDA:281,41,0,0
BRDA:281,41,1,0
BRDA:288,42,0,0
BRDA:288,42,1,0
BRF:84
BRH:0
end_of_record
TN:
SF:D:\workspace\fork\projection-grid\js\layout\renderer\index.js
FNF:0
FNH:0
DA:1,1
LF:1
LH:1
BRF:0
BRH:0
end_of_record
TN:
SF:D:\workspace\fork\projection-grid\js\layout\renderer\fixed-header.js
FN:3,(anonymous_1)
FN:6,Renderer
FN:13,(anonymous_3)
FN:21,(anonymous_4)
FN:59,(anonymous_5)
FN:62,(anonymous_6)
FN:71,(anonymous_7)
FN:89,(anonymous_8)
FN:119,(anonymous_9)
FN:123,(anonymous_10)
FN:124,(anonymous_11)
FNF:11
FNH:1
FNDA:1,(anonymous_1)
FNDA:0,Renderer
FNDA:0,(anonymous_3)
FNDA:0,(anonymous_4)
FNDA:0,(anonymous_5)
FNDA:0,(anonymous_6)
FNDA:0,(anonymous_7)
FNDA:0,(anonymous_8)
FNDA:0,(anonymous_9)
FNDA:0,(anonymous_10)
FNDA:0,(anonymous_11)
DA:1,1
DA:7,1
DA:9,1
DA:10,0
DA:12,0
DA:13,0
DA:14,0
DA:15,0
DA:16,0
DA:19,0
DA:22,1
DA:23,0
DA:25,0
DA:30,0
DA:31,0
DA:33,0
DA:38,0
DA:39,0
DA:43,0
DA:46,0
DA:49,0
DA:50,0
DA:51,0
DA:52,0
DA:53,0
DA:55,0
DA:56,0
DA:58,0
DA:61,0
DA:62,0
DA:68,0
DA:69,0
DA:70,0
DA:71,0
DA:72,0
DA:73,0
DA:74,0
DA:75,0
DA:76,0
DA:77,0
DA:78,0
DA:81,0
DA:82,0
DA:83,0
DA:84,0
DA:88,0
DA:89,0
DA:93,0
DA:96,0
DA:103,0
DA:105,0
DA:109,0
DA:112,0
DA:113,0
DA:114,0
DA:118,1
DA:119,0
DA:122,1
DA:123,0
DA:124,0
DA:128,1
LF:61
LH:7
BRDA:9,1,0,0
BRDA:9,1,1,0
BRDA:14,2,0,0
BRDA:14,2,1,0
BRDA:31,3,0,0
BRDA:31,3,1,0
BRDA:31,4,0,0
BRDA:31,4,1,0
BRDA:62,5,0,0
BRDA:62,5,1,0
BRDA:78,6,0,0
BRDA:78,6,1,0
BRDA:84,7,0,0
BRDA:84,7,1,0
BRDA:98,8,0,0
BRDA:98,8,1,0
BRDA:99,9,0,0
BRDA:99,9,1,0
BRDA:113,10,0,0
BRDA:113,10,1,0
BRF:20
BRH:0
end_of_record
TN:
SF:D:\workspace\fork\projection-grid\js\layout\measure.js
FN:3,(anonymous_1)
FN:4,viewport
FN:31,dimensions
FN:42,(anonymous_4)
FN:47,(anonymous_5)
FN:57,sample
FNF:6
FNH:1
FNDA:1,(anonymous_1)
FNDA:0,viewport
FNDA:0,dimensions
FNDA:0,(anonymous_4)
FNDA:0,(anonymous_5)
FNDA:0,sample
DA:1,1
DA:5,1
DA:6,0
DA:8,0
DA:9,0
DA:11,0
DA:12,0
DA:13,0
DA:15,0
DA:16,0
DA:19,0
DA:20,0
DA:23,0
DA:32,1
DA:33,0
DA:37,0
DA:43,0
DA:44,0
DA:48,0
DA:49,0
DA:52,0
DA:53,0
DA:55,0
DA:58,1
DA:60,0
DA:61,0
DA:63,0
DA:65,0
DA:68,0
DA:71,0
DA:73,0
DA:76,1
LF:32
LH:5
BRDA:5,1,0,0
BRDA:5,1,1,0
BRDA:7,2,0,0
BRDA:7,2,1,0
BRDA:32,3,0,0
BRDA:32,3,1,0
BRDA:49,4,0,0
BRDA:49,4,1,0
BRF:8
BRH:0
end_of_record
TN:
SF:D:\workspace\fork\projection-grid\js\layout\px.js
FN:4,(anonymous_1)
FN:5,parse
FN:9,abs
FN:13,pixelify
FNF:4
FNH:1
FNDA:1,(anonymous_1)
FNDA:0,parse
FNDA:0,abs
FNDA:0,pixelify
DA:2,1
DA:3,1
DA:4,0
DA:7,1
DA:8,0
DA:11,1
DA:12,0
DA:15,1
LF:8
LH:5
BRDA:10,1,0,0
BRDA:10,1,1,0
BRF:2
BRH:0
end_of_record
TN:
SF:D:\workspace\fork\projection-grid\js\layout\renderer\virtualization.js
FN:5,(anonymous_1)
FN:6,rowHeight
FN:10,estimateHeight
FN:21,rowAtOffset
FN:39,Renderer
FN:46,(anonymous_6)
FN:100,(anonymous_7)
FN:104,(anonymous_8)
FN:109,(anonymous_9)
FN:118,(anonymous_10)
FN:124,(anonymous_11)
FN:125,(anonymous_12)
FNF:12
FNH:1
FNDA:1,(anonymous_1)
FNDA:0,rowHeight
FNDA:0,estimateHeight
FNDA:0,rowAtOffset
FNDA:0,Renderer
FNDA:0,(anonymous_6)
FNDA:0,(anonymous_7)
FNDA:0,(anonymous_8)
FNDA:0,(anonymous_9)
FNDA:0,(anonymous_10)
FNDA:0,(anonymous_11)
FNDA:0,(anonymous_12)
DA:3,1
DA:9,1
DA:10,0
DA:13,1
DA:14,0
DA:16,0
DA:17,0
DA:18,0
DA:21,0
DA:24,1
DA:25,0
DA:27,0
DA:28,0
DA:31,0
DA:32,0
DA:34,0
DA:35,0
DA:36,0
DA:39,0
DA:42,1
DA:43,0
DA:45,0
DA:46,0
DA:49,1
DA:51,0
DA:52,0
DA:53,0
DA:54,0
DA:57,0
DA:58,0
DA:59,0
DA:62,0
DA:68,0
DA:71,0
DA:72,0
DA:75,0
DA:77,0
DA:78,0
DA:80,0
DA:81,0
DA:83,0
DA:84,0
DA:86,0
DA:88,0
DA:93,0
DA:94,0
DA:98,0
DA:102,0
DA:103,0
DA:104,0
DA:107,0
DA:109,0
DA:112,0
DA:113,0
DA:114,0
DA:118,0
DA:119,0
DA:122,1
DA:123,0
DA:126,1
DA:128,1
DA:129,0
DA:130,0
DA:134,1
LF:64
LH:10
BRDA:7,1,0,0
BRDA:7,1,1,0
BRDA:24,2,0,0
BRDA:24,2,1,0
BRDA:31,3,0,0
BRDA:31,3,1,0
BRDA:36,4,0,0
BRDA:36,4,1,0
BRDA:40,5,0,0
BRDA:40,5,1,0
BRDA:54,6,0,0
BRDA:54,6,1,0
BRDA:65,7,0,0
BRDA:65,7,1,0
BRDA:78,8,0,0
BRDA:78,8,1,0
BRDA:90,9,0,0
BRDA:90,9,1,0
BRDA:90,10,0,0
BRDA:90,10,1,0
BRDA:108,11,0,0
BRDA:108,11,1,0
BRF:22
BRH:0
end_of_record
TN:
SF:D:\workspace\fork\projection-grid\js\factory\projection-plugin.js
FN:25,_interopRequireDefault
FN:28,A11y
FN:38,AggregateRow
FN:51,JSData
FN:58,Map
FN:59,(anonymous_6)
FN:64,(anonymous_7)
FN:65,(anonymous_8)
FN:73,map
FN:74,(anonymous_10)
FN:83,Columns
FN:84,(anonymous_12)
FN:122,ColumnI18n
FN:123,(anonymous_14)
FN:129,ColumnQueryable
FN:147,ColumnGroup
FN:152,ColumnShifter
FN:153,ColumnTemplate
FN:155,(anonymous_19)
FN:163,ColumnHoverText
FN:164,Editable
FN:167,(anonymous_22)
FN:170,condition
FN:193,MemoryQueryable
FN:195,(anonymous_25)
FN:203,Odata
FN:206,PropertyTemplate
FN:208,(anonymous_28)
FN:216,RowIndex
FN:217,Row
FN:222,RowCheckbox
FN:227,rowCheckAllow
FN:234,Page
FN:240,Sink
FN:251,(anonymous_35)
FN:252,(anonymous_36)
FN:255,pipeProjection
FN:274,(anonymous_38)
FN:276,scheduleUpdate
FN:279,(anonymous_40)
FNF:40
FNH:1
FNDA:4,_interopRequireDefault
FNDA:0,A11y
FNDA:0,AggregateRow
FNDA:0,JSData
FNDA:0,Map
FNDA:0,(anonymous_6)
FNDA:0,(anonymous_7)
FNDA:0,(anonymous_8)
FNDA:0,map
FNDA:0,(anonymous_10)
FNDA:0,Columns
FNDA:0,(anonymous_12)
FNDA:0,ColumnI18n
FNDA:0,(anonymous_14)
FNDA:0,ColumnQueryable
FNDA:0,ColumnGroup
FNDA:0,ColumnShifter
FNDA:0,ColumnTemplate
FNDA:0,(anonymous_19)
FNDA:0,ColumnHoverText
FNDA:0,Editable
FNDA:0,(anonymous_22)
FNDA:0,condition
FNDA:0,MemoryQueryable
FNDA:0,(anonymous_25)
FNDA:0,Odata
FNDA:0,PropertyTemplate
FNDA:0,(anonymous_28)
FNDA:0,RowIndex
FNDA:0,Row
FNDA:0,RowCheckbox
FNDA:0,rowCheckAllow
FNDA:0,Page
FNDA:0,Sink
FNDA:0,(anonymous_35)
FNDA:0,(anonymous_36)
FNDA:0,pipeProjection
FNDA:0,(anonymous_38)
FNDA:0,scheduleUpdate
FNDA:0,(anonymous_40)
DA:0,4
DA:1,1
DA:2,1
DA:3,1
DA:4,1
DA:5,1
DA:7,1
DA:9,0
DA:12,0
DA:13,0
DA:16,0
DA:20,0
DA:22,0
DA:23,0
DA:26,0
DA:27,0
DA:30,0
DA:34,0
DA:48,0
DA:49,0
DA:51,0
DA:54,0
DA:57,0
DA:59,0
DA:60,0
DA:61,0
DA:68,0
DA:69,0
DA:71,0
DA:72,0
DA:75,0
DA:76,0
DA:79,0
DA:86,0
DA:89,0
DA:90,0
DA:95,0
DA:96,0
DA:99,0
DA:104,0
DA:108,0
DA:109,0
DA:110,0
DA:111,0
DA:116,0
DA:120,0
DA:124,0
DA:129,0
DA:130,0
DA:131,0
DA:134,0
DA:135,0
DA:137,0
DA:141,0
DA:149,0
DA:151,0
DA:152,0
DA:154,0
DA:162,0
DA:164,0
DA:165,0
DA:166,0
DA:167,0
DA:171,0
DA:172,0
DA:173,0
DA:174,0
DA:179,0
DA:180,0
DA:182,0
DA:190,0
DA:192,0
DA:193,0
DA:195,0
DA:201,0
DA:212,0
DA:214,0
DA:215,0
DA:217,0
DA:225,0
DA:231,0
DA:240,0
DA:242,0
DA:251,0
DA:258,0
DA:260,0
DA:261,0
DA:262,0
DA:263,0
DA:268,0
DA:271,0
DA:273,1
DA:274,0
DA:275,0
DA:276,0
DA:278,0
DA:279,0
DA:281,0
DA:285,0
DA:286,0
DA:287,0
DA:288,0
DA:289,0
DA:290,0
DA:291,0
DA:292,0
DA:293,0
DA:294,0
DA:295,0
DA:296,0
DA:297,0
DA:298,0
DA:302,0
DA:304,0
DA:305,0
DA:307,0
DA:310,0
DA:312,0
DA:313,0
DA:314,0
DA:315,0
DA:316,0
DA:318,0
DA:319,0
DA:320,0
DA:321,0
DA:323,0
DA:324,0
DA:326,0
DA:327,0
DA:328,0
DA:329,0
DA:330,0
DA:331,0
DA:333,0
DA:334,0
DA:336,0
DA:337,0
DA:339,0
DA:340,0
DA:343,0
DA:352,0
LF:142
LH:8
BRDA:25,1,0,0
BRDA:25,1,1,4
BRDA:25,2,0,4
BRDA:25,2,1,4
BRDA:32,3,0,0
BRDA:32,3,1,0
BRDA:32,4,0,0
BRDA:32,4,1,0
BRDA:41,5,0,0
BRDA:41,5,1,0
BRDA:45,6,0,0
BRDA:45,6,1,0
BRDA:64,7,0,0
BRDA:64,7,1,0
BRDA:65,8,0,0
BRDA:65,8,1,0
BRDA:87,9,0,0
BRDA:87,9,1,0
BRDA:91,10,0,0
BRDA:91,10,1,0
BRDA:105,11,0,0
BRDA:105,11,1,0
BRDA:111,12,0,0
BRDA:111,12,1,0
BRDA:124,13,0,0
BRDA:124,13,1,0
BRDA:137,14,0,0
BRDA:137,14,1,0
BRDA:142,15,0,0
BRDA:142,15,1,0
BRDA:156,16,0,0
BRDA:156,16,1,0
BRDA:168,17,0,0
BRDA:168,17,1,0
BRDA:176,18,0,0
BRDA:176,18,1,0
BRDA:178,19,0,0
BRDA:178,19,1,0
BRDA:196,20,0,0
BRDA:196,20,1,0
BRDA:209,21,0,0
BRDA:209,21,1,0
BRDA:243,22,0,0
BRDA:243,22,1,0
BRDA:245,23,0,0
BRDA:245,23,1,0
BRDA:260,24,0,0
BRDA:260,24,1,0
BRDA:267,25,0,0
BRDA:267,25,1,0
BRDA:268,26,0,0
BRDA:268,26,1,0
BRDA:270,27,0,0
BRDA:270,27,1,0
BRDA:273,28,0,0
BRDA:273,28,1,0
BRDA:277,29,0,0
BRDA:277,29,1,0
BRDA:288,30,0,0
BRDA:288,30,1,0
BRDA:299,31,0,0
BRDA:299,31,1,0
BRDA:304,32,0,0
BRDA:304,32,1,0
BRDA:307,33,0,0
BRDA:307,33,1,0
BRDA:313,34,0,0
BRDA:313,34,1,0
BRDA:317,35,0,0
BRDA:317,35,1,0
BRDA:317,36,0,0
BRDA:317,36,1,0
BRDA:320,37,0,0
BRDA:320,37,1,0
BRDA:323,38,0,0
BRDA:323,38,1,0
BRF:76
BRH:4
end_of_record
TN:
SF:D:\workspace\fork\projection-grid\js\projection\index.js
FNF:0
FNH:0
DA:1,1
LF:1
LH:1
BRF:0
BRH:0
end_of_record
TN:
SF:D:\workspace\fork\projection-grid\js\projection\a11y.js
FN:3,(anonymous_1)
FN:10,update
FNF:2
FNH:1
FNDA:1,(anonymous_1)
FNDA:0,update
DA:1,1
DA:6,1
DA:7,1
DA:13,0
DA:14,0
DA:15,0
DA:22,1
LF:7
LH:4
BRDA:12,1,0,0
BRDA:12,1,1,0
BRDA:15,2,0,0
BRDA:15,2,1,0
BRF:4
BRH:0
end_of_record
TN:
SF:D:\workspace\fork\projection-grid\js\projection\base.js
FN:3,(anonymous_1)
FN:5,initialize
FN:9,(anonymous_3)
FN:15,constructor
FN:22,pipe
FN:30,setSrc
FN:45,patch
FN:52,beforeSet
FN:53,afterSet
FN:55,onSrcUpdate
FN:58,bubble
FN:74,update
FN:90,(anonymous_13)
FN:121,(anonymous_14)
FNF:14
FNH:1
FNDA:1,(anonymous_1)
FNDA:0,initialize
FNDA:0,(anonymous_3)
FNDA:0,constructor
FNDA:0,pipe
FNDA:0,setSrc
FNDA:0,patch
FNDA:0,beforeSet
FNDA:0,afterSet
FNDA:0,onSrcUpdate
FNDA:0,bubble
FNDA:0,update
FNDA:0,(anonymous_13)
FNDA:0,(anonymous_14)
DA:1,1
DA:6,1
DA:8,0
DA:9,0
DA:10,0
DA:11,0
DA:13,0
DA:19,0
DA:21,0
DA:25,0
DA:26,0
DA:29,0
DA:33,0
DA:34,0
DA:35,0
DA:36,0
DA:39,0
DA:40,0
DA:41,0
DA:44,0
DA:48,0
DA:49,0
DA:51,0
DA:58,0
DA:61,0
DA:63,0
DA:64,0
DA:65,0
DA:66,0
DA:71,0
DA:72,0
DA:77,0
DA:79,0
DA:80,0
DA:81,0
DA:82,0
DA:85,0
DA:88,0
DA:92,1
DA:93,0
DA:95,0
DA:96,0
DA:98,0
DA:99,0
DA:102,0
DA:103,0
DA:105,0
DA:107,0
DA:111,0
DA:112,0
DA:113,0
DA:116,0
DA:118,0
DA:121,1
DA:123,1
DA:124,0
DA:126,0
DA:127,0
DA:128,0
DA:130,0
DA:132,0
DA:133,0
DA:134,0
DA:135,0
DA:137,0
DA:139,0
DA:142,0
DA:146,0
DA:148,0
DA:149,0
DA:150,0
DA:154,0
DA:158,1
LF:73
LH:6
BRDA:23,1,0,0
BRDA:23,1,1,0
BRDA:32,2,0,0
BRDA:32,2,1,0
BRDA:37,3,0,0
BRDA:37,3,1,0
BRDA:46,4,0,0
BRDA:46,4,1,0
BRDA:47,5,0,0
BRDA:47,5,1,0
BRDA:61,6,0,0
BRDA:61,6,1,0
BRDA:63,7,0,0
BRDA:63,7,1,0
BRDA:69,8,0,0
BRDA:69,8,1,0
BRDA:75,9,0,0
BRDA:75,9,1,0
BRDA:77,10,0,0
BRDA:77,10,1,0
BRDA:78,11,0,0
BRDA:78,11,1,0
BRDA:93,12,0,0
BRDA:93,12,1,0
BRDA:109,13,0,0
BRDA:109,13,1,0
BRDA:110,14,0,0
BRDA:110,14,1,0
BRDA:124,15,0,0
BRDA:124,15,1,0
BRDA:128,16,0,0
BRDA:128,16,1,0
BRDA:133,17,0,0
BRDA:133,17,1,0
BRDA:148,18,0,0
BRDA:148,18,1,0
BRDA:149,19,0,0
BRDA:149,19,1,0
BRF:38
BRH:0
end_of_record
TN:
SF:D:\workspace\fork\projection-grid\js\model\response.js
FN:3,(anonymous_1)
FNF:1
FNH:1
FNDA:1,(anonymous_1)
DA:1,1
DA:5,1
LF:2
LH:2
BRF:0
BRH:0
end_of_record
TN:
SF:D:\workspace\fork\projection-grid\js\projection\aggregate-row.js
FN:3,(anonymous_1)
FN:4,createRows
FN:7,(anonymous_3)
FN:23,update
FNF:4
FNH:1
FNDA:1,(anonymous_1)
FNDA:0,createRows
FNDA:0,(anonymous_3)
FNDA:0,update
DA:1,1
DA:6,1
DA:7,0
DA:9,0
DA:10,0
DA:13,0
DA:16,1
DA:26,0
DA:28,0
DA:29,0
DA:31,0
DA:32,0
DA:33,0
DA:34,0
DA:35,0
DA:37,0
DA:38,0
DA:41,0
DA:42,0
DA:45,0
DA:54,1
LF:21
LH:4
BRDA:26,1,0,0
BRDA:26,1,1,0
BRDA:29,2,0,0
BRDA:29,2,1,0
BRDA:32,3,0,0
BRDA:32,3,1,0
BRDA:33,4,0,0
BRDA:33,4,1,0
BRDA:35,5,0,0
BRDA:35,5,1,0
BRDA:39,6,0,0
BRDA:39,6,1,0
BRF:12
BRH:0
end_of_record
TN:
SF:D:\workspace\fork\projection-grid\js\projection\column-i18n.js
FN:3,(anonymous_1)
FN:7,_
FN:14,beforeSet
FN:21,update
FN:33,(anonymous_5)
FNF:5
FNH:1
FNDA:1,(anonymous_1)
FNDA:0,_
FNDA:0,beforeSet
FNDA:0,update
FNDA:0,(anonymous_5)
DA:1,1
DA:8,1
DA:12,0
DA:19,0
DA:20,0
DA:21,0
DA:29,0
DA:30,0
DA:31,0
DA:32,0
DA:33,0
DA:34,0
DA:36,0
DA:37,0
DA:38,0
DA:39,0
DA:40,0
DA:43,0
DA:48,0
DA:49,0
DA:52,0
DA:62,1
LF:22
LH:3
BRDA:15,1,0,0
BRDA:15,1,1,0
BRDA:16,2,0,0
BRDA:16,2,1,0
BRDA:25,3,0,0
BRDA:25,3,1,0
BRDA:29,4,0,0
BRDA:29,4,1,0
BRDA:35,5,0,0
BRDA:35,5,1,0
BRDA:40,6,0,0
BRDA:40,6,1,0
BRDA:44,7,0,0
BRDA:44,7,1,0
BRF:14
BRH:0
end_of_record
TN:
SF:D:\workspace\fork\projection-grid\js\schema\properties.js
FN:3,(anonymous_1)
FN:4,from
FNF:2
FNH:1
FNDA:1,(anonymous_1)
FNDA:0,from
DA:1,1
DA:4,1
DA:5,0
DA:7,0
DA:10,1
LF:5
LH:3
BRDA:7,1,0,0
BRDA:7,1,1,0
BRF:2
BRH:0
end_of_record
TN:
SF:D:\workspace\fork\projection-grid\js\projection\column-queryable.js
FN:3,(anonymous_1)
FN:9,columnFilter
FN:15,update
FN:24,(anonymous_4)
FN:54,(anonymous_5)
FNF:5
FNH:1
FNDA:1,(anonymous_1)
FNDA:0,columnFilter
FNDA:0,update
FNDA:0,(anonymous_4)
FNDA:0,(anonymous_5)
DA:1,1
DA:8,1
DA:14,0
DA:20,0
DA:21,0
DA:22,0
DA:23,0
DA:24,0
DA:25,0
DA:27,0
DA:28,0
DA:29,0
DA:31,0
DA:32,0
DA:33,0
DA:34,0
DA:36,0
DA:37,0
DA:40,0
DA:41,0
DA:42,0
DA:47,0
DA:49,0
DA:50,0
DA:53,0
DA:55,0
DA:58,0
DA:59,0
DA:60,0
DA:62,0
DA:65,0
DA:82,1
LF:32
LH:3
BRDA:16,1,0,0
BRDA:16,1,1,0
BRDA:20,2,0,0
BRDA:20,2,1,0
BRDA:24,3,0,0
BRDA:24,3,1,0
BRDA:27,4,0,0
BRDA:27,4,1,0
BRDA:27,5,0,0
BRDA:27,5,1,0
BRDA:27,6,0,0
BRDA:27,6,1,0
BRDA:32,7,0,0
BRDA:32,7,1,0
BRDA:37,8,0,0
BRDA:37,8,1,0
BRDA:45,9,0,0
BRDA:45,9,1,0
BRDA:55,10,0,0
BRDA:55,10,1,0
BRF:20
BRH:0
end_of_record
TN:
SF:D:\workspace\fork\projection-grid\js\projection\column-shifter.js
FN:3,(anonymous_1)
FN:10,update
FN:20,(anonymous_3)
FN:66,thClick
FNF:4
FNH:1
FNDA:1,(anonymous_1)
FNDA:0,update
FNDA:0,(anonymous_3)
FNDA:0,thClick
DA:1,1
DA:8,1
DA:17,0
DA:18,0
DA:20,0
DA:21,0
DA:22,0
DA:23,0
DA:25,0
DA:26,0
DA:29,0
DA:30,0
DA:32,0
DA:40,0
DA:49,0
DA:50,0
DA:53,0
DA:54,0
DA:57,0
DA:58,0
DA:59,0
DA:60,0
DA:62,0
DA:72,0
DA:73,0
DA:74,0
DA:77,0
DA:79,0
DA:80,0
DA:83,0
DA:84,0
DA:89,0
DA:94,1
LF:33
LH:3
BRDA:12,1,0,0
BRDA:12,1,1,0
BRDA:21,2,0,0
BRDA:21,2,1,0
BRDA:44,3,0,0
BRDA:44,3,1,0
BRDA:48,4,0,0
BRDA:48,4,1,0
BRDA:67,5,0,0
BRDA:67,5,1,0
BRDA:67,6,0,0
BRDA:67,6,1,0
BRDA:72,7,0,0
BRDA:72,7,1,0
BRDA:72,7,2,0
BRDA:75,8,0,0
BRDA:75,8,1,0
BRDA:80,9,0,0
BRDA:80,9,1,0
BRF:19
BRH:0
end_of_record
TN:
SF:D:\workspace\fork\projection-grid\js\projection\column-template.js
FN:3,(anonymous_1)
FN:11,update
FN:20,(anonymous_3)
FNF:3
FNH:1
FNDA:1,(anonymous_1)
FNDA:0,update
FNDA:0,(anonymous_3)
DA:1,1
DA:7,1
DA:17,0
DA:18,0
DA:19,0
DA:20,0
DA:21,0
DA:22,0
DA:23,0
DA:25,0
DA:26,0
DA:29,0
DA:32,0
DA:40,1
LF:14
LH:3
BRDA:16,1,0,0
BRDA:16,1,1,0
BRDA:24,2,0,0
BRDA:24,2,1,0
BRDA:25,3,0,0
BRDA:25,3,1,0
BRF:6
BRH:0
end_of_record
TN:
SF:D:\workspace\fork\projection-grid\js\projection\editable-string.js
FN:15,(anonymous_1)
FN:23,update
FN:27,(anonymous_3)
FN:30,(anonymous_4)
FNF:4
FNH:1
FNDA:1,(anonymous_1)
FNDA:0,update
FNDA:0,(anonymous_3)
FNDA:0,(anonymous_4)
DA:13,1
DA:21,1
DA:27,0
DA:28,0
DA:29,0
DA:30,0
DA:31,0
DA:33,0
DA:34,0
DA:35,0
DA:36,0
DA:38,0
DA:39,0
DA:42,0
DA:43,0
DA:46,0
DA:49,0
DA:51,0
DA:55,0
DA:58,0
DA:63,1
LF:21
LH:3
BRDA:24,1,0,0
BRDA:24,1,1,0
BRDA:31,2,0,0
BRDA:31,2,1,0
BRDA:32,3,0,0
BRDA:32,3,1,0
BRDA:35,4,0,0
BRDA:35,4,1,0
BRDA:39,5,0,0
BRDA:39,5,1,0
BRDA:46,6,0,0
BRDA:46,6,1,0
BRDA:46,7,0,0
BRDA:46,7,1,0
BRF:14
BRH:0
end_of_record
TN:
SF:D:\workspace\fork\projection-grid\js\projection\editable.js
FN:3,(anonymous_1)
FN:6,isReadonlyRow
FN:22,beforeSet
FN:25,editable
FN:30,(anonymous_5)
FN:36,(anonymous_6)
FN:45,(anonymous_7)
FN:57,(anonymous_8)
FN:64,update
FN:72,(anonymous_10)
FN:86,(anonymous_11)
FN:87,(anonymous_12)
FN:114,tdClick
FN:136,onSubmit
FNF:14
FNH:1
FNDA:1,(anonymous_1)
FNDA:0,isReadonlyRow
FNDA:0,beforeSet
FNDA:0,editable
FNDA:0,(anonymous_5)
FNDA:0,(anonymous_6)
FNDA:0,(anonymous_7)
FNDA:0,(anonymous_8)
FNDA:0,update
FNDA:0,(anonymous_10)
FNDA:0,(anonymous_11)
FNDA:0,(anonymous_12)
FNDA:0,tdClick
FNDA:0,onSubmit
DA:1,1
DA:11,1
DA:12,0
DA:18,1
DA:30,0
DA:31,0
DA:32,0
DA:35,0
DA:36,0
DA:37,0
DA:38,0
DA:40,0
DA:41,0
DA:42,0
DA:43,0
DA:44,0
DA:45,0
DA:47,0
DA:50,0
DA:51,0
DA:52,0
DA:53,0
DA:54,0
DA:55,0
DA:56,0
DA:61,0
DA:62,0
DA:63,0
DA:69,0
DA:70,0
DA:71,0
DA:72,0
DA:73,0
DA:74,0
DA:76,0
DA:77,0
DA:78,0
DA:79,0
DA:80,0
DA:82,0
DA:83,0
DA:85,0
DA:87,0
DA:90,0
DA:91,0
DA:92,0
DA:93,0
DA:94,0
DA:96,0
DA:97,0
DA:99,0
DA:100,0
DA:103,0
DA:110,0
DA:114,0
DA:118,0
DA:119,0
DA:120,0
DA:123,0
DA:125,0
DA:129,0
DA:130,0
DA:131,0
DA:132,0
DA:134,0
DA:135,0
DA:136,0
DA:142,0
LF:68
LH:3
BRDA:7,1,0,0
BRDA:7,1,1,0
BRDA:7,1,2,0
BRDA:29,2,0,0
BRDA:29,2,1,0
BRDA:35,3,0,0
BRDA:35,3,1,0
BRDA:37,4,0,0
BRDA:37,4,1,0
BRDA:39,5,0,0
BRDA:39,5,1,0
BRDA:39,6,0,0
BRDA:39,6,1,0
BRDA:40,7,0,0
BRDA:40,7,1,0
BRDA:46,8,0,0
BRDA:46,8,1,0
BRDA:49,9,0,0
BRDA:49,9,1,0
BRDA:58,10,0,0
BRDA:58,10,1,0
BRDA:65,11,0,0
BRDA:65,11,1,0
BRDA:73,12,0,0
BRDA:73,12,1,0
BRDA:74,13,0,0
BRDA:74,13,1,0
BRDA:75,14,0,0
BRDA:75,14,1,0
BRDA:76,15,0,0
BRDA:76,15,1,0
BRDA:78,16,0,0
BRDA:78,16,1,0
BRDA:87,17,0,0
BRDA:87,17,1,0
BRDA:88,18,0,0
BRDA:88,18,1,0
BRDA:92,19,0,0
BRDA:92,19,1,0
BRDA:121,20,0,0
BRDA:121,20,1,0
BRDA:121,20,2,0
BRDA:123,21,0,0
BRDA:123,21,1,0
BRDA:123,22,0,0
BRDA:123,22,1,0
BRDA:123,22,2,0
BRDA:123,22,3,0
BRDA:125,23,0,0
BRDA:125,23,1,0
BRF:50
BRH:0
end_of_record
TN:
SF:D:\workspace\fork\projection-grid\js\popup-editor\index.js
FN:3,(anonymous_1)
FN:6,clickSave
FN:9,clickCancel
FN:12,changeEditor
FN:15,clickForm
FN:18,submitForm
FN:24,initialize
FN:32,getValue
FN:44,setValue
FN:56,render
FN:79,(anonymous_11)
FN:83,(anonymous_12)
FN:90,remove
FN:95,focus
FN:102,(anonymous_15)
FN:109,(anonymous_16)
FN:114,(anonymous_17)
FNF:17
FNH:1
FNDA:1,(anonymous_1)
FNDA:0,clickSave
FNDA:0,clickCancel
FNDA:0,changeEditor
FNDA:0,clickForm
FNDA:0,submitForm
FNDA:0,initialize
FNDA:0,getValue
FNDA:0,setValue
FNDA:0,render
FNDA:0,(anonymous_11)
FNDA:0,(anonymous_12)
FNDA:0,remove
FNDA:0,focus
FNDA:0,(anonymous_15)
FNDA:0,(anonymous_16)
FNDA:0,(anonymous_17)
DA:1,1
DA:8,1
DA:11,0
DA:14,0
DA:17,0
DA:20,0
DA:23,0
DA:24,0
DA:29,0
DA:30,0
DA:31,0
DA:32,0
DA:33,0
DA:37,0
DA:39,0
DA:42,0
DA:46,0
DA:48,0
DA:50,0
DA:54,0
DA:55,0
DA:57,0
DA:62,0
DA:64,0
DA:65,0
DA:67,0
DA:69,0
DA:70,0
DA:72,0
DA:75,0
DA:76,0
DA:79,0
DA:80,0
DA:83,0
DA:87,0
DA:88,0
DA:92,0
DA:93,0
DA:98,1
DA:99,0
DA:101,0
DA:103,0
DA:105,0
DA:106,0
DA:107,0
DA:110,0
DA:111,0
DA:112,0
LF:48
LH:3
BRDA:28,1,0,0
BRDA:28,1,1,0
BRDA:29,2,0,0
BRDA:29,2,1,0
BRDA:33,3,0,0
BRDA:33,3,1,0
BRDA:33,4,0,0
BRDA:33,4,1,0
BRDA:41,5,0,0
BRDA:41,5,1,0
BRDA:45,6,0,0
BRDA:45,6,1,0
BRDA:45,7,0,0
BRDA:45,7,1,0
BRDA:68,8,0,0
BRDA:68,8,1,0
BRDA:73,9,0,0
BRDA:73,9,1,0
BRDA:111,10,0,0
BRDA:111,10,1,0
BRDA:116,11,0,0
BRDA:116,11,1,0
BRF:22
BRH:0
end_of_record
TN:
SF:D:\workspace\fork\projection-grid\js\projection\jsdata.js
FN:3,(anonymous_1)
FN:17,update
FN:51,(anonymous_3)
FN:52,(anonymous_4)
FN:59,(anonymous_5)
FN:72,(anonymous_6)
FN:76,(anonymous_7)
FNF:7
FNH:1
FNDA:1,(anonymous_1)
FNDA:0,update
FNDA:0,(anonymous_3)
FNDA:0,(anonymous_4)
FNDA:0,(anonymous_5)
FNDA:0,(anonymous_6)
FNDA:0,(anonymous_7)
DA:1,1
DA:7,1
DA:21,0
DA:22,0
DA:23,0
DA:25,0
DA:27,0
DA:29,0
DA:30,0
DA:33,0
DA:35,0
DA:36,0
DA:39,0
DA:41,0
DA:42,0
DA:45,0
DA:47,0
DA:48,0
DA:51,0
DA:53,0
DA:54,0
DA:55,0
DA:56,0
DA:58,0
DA:62,0
DA:64,0
DA:65,0
DA:71,0
DA:72,0
DA:74,0
DA:78,0
DA:79,0
DA:83,0
DA:84,0
DA:85,0
DA:91,1
LF:36
LH:3
BRDA:22,1,0,0
BRDA:22,1,1,0
BRDA:26,2,0,0
BRDA:26,2,1,0
BRDA:32,3,0,0
BRDA:32,3,1,0
BRDA:38,4,0,0
BRDA:38,4,1,0
BRDA:44,5,0,0
BRDA:44,5,1,0
BRDA:50,6,0,0
BRDA:50,6,1,0
BRDA:50,7,0,0
BRDA:50,7,1,0
BRDA:53,8,0,0
BRDA:53,8,1,0
BRDA:60,9,0,0
BRDA:60,9,1,0
BRDA:67,10,0,0
BRDA:67,10,1,0
BRDA:73,11,0,0
BRDA:73,11,1,0
BRDA:77,12,0,0
BRDA:77,12,1,0
BRF:24
BRH:0
end_of_record
TN:
SF:D:\workspace\fork\projection-grid\js\projection\map.js
FN:3,(anonymous_1)
FN:10,update
FNF:2
FNH:1
FNDA:1,(anonymous_1)
FNDA:0,update
DA:1,1
DA:8,1
DA:17,0
DA:18,0
DA:19,0
DA:20,0
DA:22,0
DA:24,0
DA:35,1
LF:9
LH:3
BRDA:13,1,0,0
BRDA:13,1,1,0
BRDA:16,2,0,0
BRDA:16,2,1,0
BRF:4
BRH:0
end_of_record
TN:
SF:D:\workspace\fork\projection-grid\js\projection\memory-queryable.js
FN:3,(anonymous_1)
FN:8,filter
FN:16,beforeSet
FN:23,update
FNF:4
FNH:1
FNDA:1,(anonymous_1)
FNDA:0,filter
FNDA:0,beforeSet
FNDA:0,update
DA:1,1
DA:8,1
DA:13,0
DA:21,0
DA:22,0
DA:23,0
DA:30,0
DA:31,0
DA:32,0
DA:34,0
DA:35,0
DA:37,0
DA:38,0
DA:40,0
DA:41,0
DA:42,0
DA:44,0
DA:45,0
DA:46,0
DA:51,0
DA:56,0
DA:57,0
DA:58,0
DA:61,0
DA:72,1
LF:25
LH:3
BRDA:17,1,0,0
BRDA:17,1,1,0
BRDA:18,2,0,0
BRDA:18,2,1,0
BRDA:26,3,0,0
BRDA:26,3,1,0
BRDA:36,4,0,0
BRDA:36,4,1,0
BRDA:37,5,0,0
BRDA:37,5,1,0
BRDA:41,6,0,0
BRDA:41,6,1,0
BRDA:50,7,0,0
BRDA:50,7,1,0
BRF:14
BRH:0
end_of_record
TN:
SF:D:\workspace\fork\projection-grid\js\projection\memory.js
FN:3,(anonymous_1)
FN:8,update
FNF:2
FNH:1
FNDA:1,(anonymous_1)
FNDA:0,update
DA:1,1
DA:2,1
DA:7,0
DA:9,0
DA:11,0
DA:16,0
DA:20,1
LF:7
LH:3
BRF:0
BRH:0
end_of_record
TN:
SF:D:\workspace\fork\projection-grid\js\projection\mock.js
FN:3,(anonymous_1)
FN:7,randomRow
FN:23,update
FN:27,(anonymous_4)
FNF:4
FNH:1
FNDA:1,(anonymous_1)
FNDA:0,randomRow
FNDA:0,update
FNDA:0,(anonymous_4)
DA:1,1
DA:6,1
DA:7,1
DA:9,1
DA:10,0
DA:11,0
DA:13,0
DA:20,1
DA:26,0
DA:27,0
DA:29,0
DA:30,0
DA:33,0
DA:37,0
DA:41,1
LF:15
LH:6
BRF:0
BRH:0
end_of_record
TN:
SF:D:\workspace\fork\projection-grid\js\projection\odata.js
FN:3,(anonymous_1)
FN:15,update
FN:48,(anonymous_3)
FN:49,(anonymous_4)
FN:52,(anonymous_5)
FN:63,(anonymous_6)
FN:67,(anonymous_7)
FNF:7
FNH:1
FNDA:1,(anonymous_1)
FNDA:0,update
FNDA:0,(anonymous_3)
FNDA:0,(anonymous_4)
FNDA:0,(anonymous_5)
FNDA:0,(anonymous_6)
FNDA:0,(anonymous_7)
DA:1,1
DA:9,1
DA:21,0
DA:23,0
DA:25,0
DA:26,0
DA:33,0
DA:34,0
DA:35,0
DA:38,0
DA:39,0
DA:40,0
DA:44,0
DA:45,0
DA:46,0
DA:47,0
DA:48,0
DA:50,0
DA:53,0
DA:54,0
DA:57,0
DA:60,0
DA:61,0
DA:68,0
DA:71,0
DA:72,0
DA:75,0
DA:76,0
DA:77,0
DA:83,1
LF:30
LH:3
BRDA:16,1,0,0
BRDA:16,1,1,0
BRDA:20,2,0,0
BRDA:20,2,1,0
BRDA:29,3,0,0
BRDA:29,3,1,0
BRDA:34,4,0,0
BRDA:34,4,1,0
BRDA:40,5,0,0
BRDA:40,5,1,0
BRDA:45,6,0,0
BRDA:45,6,1,0
BRDA:53,7,0,0
BRDA:53,7,1,0
BRDA:64,8,0,0
BRDA:64,8,1,0
BRDA:68,9,0,0
BRDA:68,9,1,0
BRF:18
BRH:0
end_of_record
TN:
SF:D:\workspace\fork\projection-grid\js\projection\page.js
FN:3,(anonymous_1)
FN:10,beforeSet
FN:23,update
FNF:3
FNH:1
FNDA:1,(anonymous_1)
FNDA:0,beforeSet
FNDA:0,update
DA:1,1
DA:8,1
DA:16,0
DA:17,0
DA:20,0
DA:21,0
DA:23,0
DA:29,0
DA:30,0
DA:31,0
DA:32,0
DA:33,0
DA:34,0
DA:36,0
DA:38,0
DA:39,0
DA:40,0
DA:50,0
DA:51,0
DA:59,1
LF:20
LH:3
BRDA:11,1,0,0
BRDA:11,1,1,0
BRDA:12,2,0,0
BRDA:12,2,1,0
BRDA:31,3,0,0
BRDA:31,3,1,0
BRDA:33,4,0,0
BRDA:33,4,1,0
BRDA:34,5,0,0
BRDA:34,5,1,0
BRDA:45,6,0,0
BRDA:45,6,1,0
BRF:12
BRH:0
end_of_record
TN:
SF:D:\workspace\fork\projection-grid\js\projection\property-template.js
FN:3,(anonymous_1)
FN:9,update
FN:15,(anonymous_3)
FN:18,(anonymous_4)
FNF:4
FNH:1
FNDA:1,(anonymous_1)
FNDA:0,update
FNDA:0,(anonymous_3)
FNDA:0,(anonymous_4)
DA:1,1
DA:8,1
DA:16,0
DA:17,0
DA:18,0
DA:19,0
DA:20,0
DA:22,0
DA:23,0
DA:24,0
DA:29,0
DA:30,0
DA:32,0
DA:33,0
DA:36,0
DA:37,0
DA:40,0
DA:43,0
DA:47,0
DA:50,0
DA:58,1
LF:21
LH:3
BRDA:12,1,0,0
BRDA:12,1,1,0
BRDA:19,2,0,0
BRDA:19,2,1,0
BRDA:25,3,0,0
BRDA:25,3,1,0
BRDA:28,4,0,0
BRDA:28,4,1,0
BRDA:32,5,0,0
BRDA:32,5,1,0
BRF:10
BRH:0
end_of_record
TN:
SF:D:\workspace\fork\projection-grid\js\projection\row-checkbox.js
FN:3,(anonymous_1)
FN:13,rowCheckAllow
FN:22,reset
FN:28,update
FN:43,(anonymous_5)
FN:51,(anonymous_6)
FN:117,tdClick
FN:136,thClick
FN:148,(anonymous_9)
FN:150,(anonymous_10)
FNF:10
FNH:1
FNDA:1,(anonymous_1)
FNDA:0,rowCheckAllow
FNDA:0,reset
FNDA:0,update
FNDA:0,(anonymous_5)
FNDA:0,(anonymous_6)
FNDA:0,tdClick
FNDA:0,thClick
FNDA:0,(anonymous_9)
FNDA:0,(anonymous_10)
DA:1,1
DA:9,1
DA:17,0
DA:26,0
DA:34,0
DA:35,0
DA:36,0
DA:37,0
DA:38,0
DA:39,0
DA:40,0
DA:41,0
DA:42,0
DA:43,0
DA:44,0
DA:45,0
DA:46,0
DA:47,0
DA:49,0
DA:51,0
DA:54,0
DA:55,0
DA:56,0
DA:57,0
DA:58,0
DA:60,0
DA:61,0
DA:62,0
DA:63,0
DA:64,0
DA:66,0
DA:67,0
DA:69,0
DA:79,0
DA:83,0
DA:84,0
DA:85,0
DA:87,0
DA:88,0
DA:89,0
DA:90,0
DA:96,0
DA:97,0
DA:100,0
DA:110,0
DA:121,0
DA:122,0
DA:124,0
DA:125,0
DA:126,0
DA:128,0
DA:129,0
DA:131,0
DA:136,0
DA:140,0
DA:142,0
DA:143,0
DA:145,0
DA:146,0
DA:148,0
DA:151,0
DA:153,0
DA:156,0
DA:161,0
DA:166,0
DA:171,1
LF:66
LH:3
BRDA:31,1,0,0
BRDA:31,1,1,0
BRDA:55,2,0,0
BRDA:55,2,1,0
BRDA:57,3,0,0
BRDA:57,3,1,0
BRDA:59,4,0,0
BRDA:59,4,1,0
BRDA:64,5,0,0
BRDA:64,5,1,0
BRDA:68,6,0,0
BRDA:68,6,1,0
BRDA:80,7,0,0
BRDA:80,7,1,0
BRDA:81,8,0,0
BRDA:81,8,1,0
BRDA:86,9,0,0
BRDA:86,9,1,0
BRDA:93,10,0,0
BRDA:93,10,1,0
BRDA:121,11,0,0
BRDA:121,11,1,0
BRDA:125,12,0,0
BRDA:125,12,1,0
BRDA:129,13,0,0
BRDA:129,13,1,0
BRDA:139,14,0,0
BRDA:139,14,1,0
BRDA:142,15,0,0
BRDA:142,15,1,0
BRDA:149,16,0,0
BRDA:149,16,1,0
BRDA:149,17,0,0
BRDA:149,17,1,0
BRF:34
BRH:0
end_of_record
TN:
SF:D:\workspace\fork\projection-grid\js\projection\row.js
FN:3,(anonymous_1)
FN:9,update
FN:16,(anonymous_3)
FN:26,(anonymous_4)
FN:39,(anonymous_5)
FNF:5
FNH:1
FNDA:1,(anonymous_1)
FNDA:0,update
FNDA:0,(anonymous_3)
FNDA:0,(anonymous_4)
FNDA:0,(anonymous_5)
DA:1,1
DA:6,1
DA:11,0
DA:12,0
DA:13,0
DA:14,0
DA:16,0
DA:17,0
DA:19,0
DA:20,0
DA:26,0
DA:27,0
DA:28,0
DA:34,0
DA:35,0
DA:38,0
DA:40,0
DA:41,0
DA:43,0
DA:44,0
DA:46,0
DA:47,0
DA:52,0
DA:58,0
DA:59,0
DA:60,0
DA:61,0
DA:62,0
DA:65,0
DA:76,0
DA:81,1
LF:31
LH:3
BRDA:12,1,0,0
BRDA:12,1,1,0
BRDA:19,2,0,0
BRDA:19,2,1,0
BRDA:30,3,0,0
BRDA:30,3,1,0
BRDA:42,4,0,0
BRDA:42,4,1,0
BRDA:42,5,0,0
BRDA:42,5,1,0
BRDA:50,6,0,0
BRDA:50,6,1,0
BRDA:50,7,0,0
BRDA:50,7,1,0
BRDA:52,8,0,0
BRDA:52,8,1,0
BRF:16
BRH:0
end_of_record
TN:
SF:D:\workspace\fork\projection-grid\js\projection\row-tri-state-checkbox.js
FN:3,(anonymous_1)
FN:15,(anonymous_2)
FN:17,unchecked
FN:24,(anonymous_4)
FN:29,(anonymous_5)
FN:32,checked
FN:38,(anonymous_7)
FN:43,(anonymous_8)
FN:47,(anonymous_9)
FN:51,(anonymous_10)
FN:55,(anonymous_11)
FN:59,getAllCheckState
FN:60,(anonymous_13)
FN:71,rowCheckAllow
FN:84,reset
FN:90,update
FN:103,(anonymous_17)
FN:108,(anonymous_18)
FN:147,tdClick
FN:171,thClick
FN:184,(anonymous_21)
FN:204,CheckDiff
FN:211,(anonymous_23)
FN:215,diffCheckMap
FN:220,(anonymous_25)
FN:233,(anonymous_26)
FN:245,statCheckMap
FN:251,(anonymous_28)
FN:270,fullStatCheckMap
FNF:29
FNH:3
FNDA:1,(anonymous_1)
FNDA:1,(anonymous_2)
FNDA:0,unchecked
FNDA:0,(anonymous_4)
FNDA:1,(anonymous_5)
FNDA:0,checked
FNDA:0,(anonymous_7)
FNDA:0,(anonymous_8)
FNDA:0,(anonymous_9)
FNDA:0,(anonymous_10)
FNDA:0,(anonymous_11)
FNDA:0,getAllCheckState
FNDA:0,(anonymous_13)
FNDA:0,rowCheckAllow
FNDA:0,reset
FNDA:0,update
FNDA:0,(anonymous_17)
FNDA:0,(anonymous_18)
FNDA:0,tdClick
FNDA:0,thClick
FNDA:0,(anonymous_21)
FNDA:0,CheckDiff
FNDA:0,(anonymous_23)
FNDA:0,diffCheckMap
FNDA:0,(anonymous_25)
FNDA:0,(anonymous_26)
FNDA:0,statCheckMap
FNDA:0,(anonymous_28)
FNDA:0,fullStatCheckMap
DA:1,1
DA:9,1
DA:18,1
DA:19,1
DA:21,0
DA:27,1
DA:28,0
DA:32,1
DA:33,1
DA:36,0
DA:41,1
DA:42,0
DA:46,1
DA:47,0
DA:50,1
DA:51,0
DA:54,1
DA:55,0
DA:58,1
DA:59,0
DA:62,1
DA:63,0
DA:64,0
DA:68,1
DA:75,0
DA:88,0
DA:94,0
DA:95,0
DA:98,0
DA:99,0
DA:100,0
DA:101,0
DA:102,0
DA:103,0
DA:107,0
DA:108,0
DA:109,0
DA:110,0
DA:112,0
DA:114,0
DA:115,0
DA:116,0
DA:117,0
DA:118,0
DA:120,0
DA:122,0
DA:123,0
DA:124,0
DA:127,0
DA:131,0
DA:135,0
DA:136,0
DA:138,0
DA:139,0
DA:141,0
DA:142,0
DA:144,0
DA:148,0
DA:154,0
DA:155,0
DA:157,0
DA:158,0
DA:159,0
DA:160,0
DA:161,0
DA:167,0
DA:168,0
DA:170,0
DA:174,0
DA:178,0
DA:180,0
DA:181,0
DA:182,0
DA:183,0
DA:184,0
DA:185,0
DA:186,0
DA:188,0
DA:190,0
DA:193,0
DA:194,0
DA:199,0
DA:203,0
DA:208,0
DA:213,1
DA:214,0
DA:215,0
DA:216,0
DA:217,0
DA:220,1
DA:221,0
DA:224,1
DA:225,0
DA:227,0
DA:229,0
DA:230,0
DA:231,0
DA:233,0
DA:234,0
DA:235,0
DA:236,0
DA:238,0
DA:242,0
DA:243,0
DA:244,0
DA:246,0
DA:247,0
DA:251,0
DA:254,1
DA:255,0
DA:256,0
DA:257,0
DA:258,0
DA:260,0
DA:261,0
DA:263,0
DA:264,0
DA:265,0
DA:266,0
DA:267,0
DA:268,0
DA:272,0
DA:279,1
DA:280,0
DA:283,1
DA:284,1
DA:285,1
DA:286,1
DA:288,1
LF:129
LH:24
BRDA:18,1,0,0
BRDA:18,1,1,0
BRDA:25,2,0,0
BRDA:25,2,1,0
BRDA:25,2,2,0
BRDA:33,3,0,0
BRDA:33,3,1,0
BRDA:39,4,0,0
BRDA:39,4,1,0
BRDA:39,4,2,0
BRDA:60,5,0,0
BRDA:60,5,1,0
BRDA:91,6,0,0
BRDA:91,6,1,0
BRDA:110,7,0,0
BRDA:110,7,1,0
BRDA:112,8,0,0
BRDA:112,8,1,0
BRDA:116,9,0,0
BRDA:116,9,1,0
BRDA:129,10,0,0
BRDA:129,10,1,0
BRDA:132,11,0,0
BRDA:132,11,1,0
BRDA:151,12,0,0
BRDA:151,12,1,0
BRDA:151,13,0,0
BRDA:151,13,1,0
BRDA:174,14,0,0
BRDA:174,14,1,0
BRDA:205,15,0,0
BRDA:205,15,1,0
BRDA:206,16,0,0
BRDA:206,16,1,0
BRDA:207,17,0,0
BRDA:207,17,1,0
BRDA:208,18,0,0
BRDA:208,18,1,0
BRDA:216,19,0,0
BRDA:216,19,1,0
BRDA:224,20,0,0
BRDA:224,20,1,0
BRDA:226,21,0,0
BRDA:226,21,1,0
BRDA:237,22,0,0
BRDA:237,22,1,0
BRDA:237,23,0,0
BRDA:237,23,1,0
BRDA:246,24,0,0
BRDA:246,24,1,0
BRDA:254,25,0,0
BRDA:254,25,1,0
BRDA:254,26,0,0
BRDA:254,26,1,0
BRDA:256,27,0,0
BRDA:256,27,1,0
BRDA:256,28,0,0
BRDA:256,28,1,0
BRDA:258,29,0,0
BRDA:258,29,1,0
BRF:60
BRH:0
end_of_record
TN:
SF:D:\workspace\fork\projection-grid\js\projection\row-index.js
FN:3,(anonymous_1)
FN:7,update
FN:11,(anonymous_3)
FNF:3
FNH:1
FNDA:1,(anonymous_1)
FNDA:0,update
FNDA:0,(anonymous_3)
DA:1,1
DA:8,1
DA:12,0
DA:13,0
DA:14,0
DA:15,0
DA:16,0
DA:17,0
DA:18,0
DA:21,0
DA:29,1
LF:11
LH:3
BRDA:8,1,0,0
BRDA:8,1,1,0
BRDA:13,2,0,0
BRDA:13,2,1,0
BRF:4
BRH:0
end_of_record
TN:
SF:D:\workspace\fork\projection-grid\js\projection\sink.js
FN:3,(anonymous_1)
FN:12,update
FNF:2
FNH:1
FNDA:1,(anonymous_1)
FNDA:0,update
DA:1,1
DA:6,1
DA:15,0
DA:17,0
DA:19,0
DA:20,0
DA:21,0
DA:31,1
LF:8
LH:3
BRDA:17,1,0,0
BRDA:17,1,1,0
BRF:2
BRH:0
end_of_record
TN:
SF:D:\workspace\fork\projection-grid\js\projection\column-group.js
FN:3,(anonymous_1)
FN:16,update
FN:21,(anonymous_3)
FN:30,(anonymous_4)
FN:42,(anonymous_5)
FN:65,onClickHeader
FNF:6
FNH:1
FNDA:1,(anonymous_1)
FNDA:0,update
FNDA:0,(anonymous_3)
FNDA:0,(anonymous_4)
FNDA:0,(anonymous_5)
FNDA:0,onClickHeader
DA:1,1
DA:7,1
DA:20,0
DA:21,0
DA:22,0
DA:23,0
DA:24,0
DA:25,0
DA:27,0
DA:28,0
DA:29,0
DA:30,0
DA:31,0
DA:33,0
DA:34,0
DA:35,0
DA:36,0
DA:38,0
DA:39,0
DA:43,0
DA:45,0
DA:46,0
DA:47,0
DA:48,0
DA:49,0
DA:50,0
DA:51,0
DA:55,0
DA:69,0
DA:70,0
DA:72,0
DA:73,0
DA:74,0
DA:75,0
DA:76,0
DA:78,0
DA:80,0
DA:85,1
LF:38
LH:3
BRDA:17,1,0,0
BRDA:17,1,1,0
BRDA:19,2,0,0
BRDA:19,2,1,0
BRDA:21,3,0,0
BRDA:21,3,1,0
BRDA:24,4,0,0
BRDA:24,4,1,0
BRDA:28,5,0,0
BRDA:28,5,1,0
BRDA:28,5,2,0
BRDA:31,6,0,0
BRDA:31,6,1,0
BRDA:31,7,0,0
BRDA:31,7,1,0
BRDA:45,8,0,0
BRDA:45,8,1,0
BRDA:66,9,0,0
BRDA:66,9,1,0
BRDA:70,10,0,0
BRDA:70,10,1,0
BRDA:71,11,0,0
BRDA:71,11,1,0
BRDA:72,12,0,0
BRDA:72,12,1,0
BRF:25
BRH:0
end_of_record
TN:
SF:D:\workspace\fork\projection-grid\js\projection\column-hovertext.js
FN:3,(anonymous_1)
FN:6,update
FN:11,(anonymous_3)
FNF:3
FNH:1
FNDA:1,(anonymous_1)
FNDA:0,update
FNDA:0,(anonymous_3)
DA:1,1
DA:6,1
DA:9,0
DA:10,0
DA:11,0
DA:13,0
DA:14,0
DA:15,0
DA:16,0
DA:19,0
DA:24,1
LF:11
LH:3
BRDA:7,1,0,0
BRDA:7,1,1,0
BRDA:14,2,0,0
BRDA:14,2,1,0
BRDA:14,2,2,0
BRF:5
BRH:0
end_of_record
TN:
SF:D:\workspace\fork\projection-grid\js\projection\columns.js
FN:11,_interopRequireDefault
FN:20,update
FNF:2
FNH:1
FNDA:1,_interopRequireDefault
FNDA:0,update
DA:0,1
DA:1,1
DA:3,1
DA:11,0
DA:12,0
LF:5
LH:3
BRDA:11,1,0,0
BRDA:11,1,1,1
BRDA:11,2,0,1
BRDA:11,2,1,1
BRDA:21,3,0,0
BRDA:21,3,1,0
BRF:6
BRH:4
end_of_record
TN:
SF:D:\workspace\fork\projection-grid\js\factory\utility.js
FN:12,_interopRequireDefault
FN:14,delegateEvents
FN:19,(anonymous_3)
FN:20,(anonymous_4)
FNF:4
FNH:1
FNDA:1,_interopRequireDefault
FNDA:0,delegateEvents
FNDA:0,(anonymous_3)
FNDA:0,(anonymous_4)
DA:0,1
DA:1,1
DA:3,1
DA:4,0
DA:6,0
LF:5
LH:3
BRDA:12,1,0,0
BRDA:12,1,1,1
BRDA:12,2,0,1
BRDA:12,2,1,1
BRF:4
BRH:4
end_of_record
TN:
SF:D:\workspace\fork\projection-grid\js\factory\grid-view-plugin.js
FN:21,_interopRequireDefault
FN:23,(anonymous_2)
FN:24,(anonymous_3)
FNF:3
FNH:1
FNDA:3,_interopRequireDefault
FNDA:0,(anonymous_2)
FNDA:0,(anonymous_3)
DA:0,3
DA:1,1
DA:2,1
DA:3,1
DA:4,1
DA:6,0
DA:11,0
DA:28,0
DA:37,0
LF:9
LH:5
BRDA:21,1,0,0
BRDA:21,1,1,3
BRDA:21,2,0,3
BRDA:21,2,1,3
BRDA:34,3,0,0
BRDA:34,3,1,0
BRF:6
BRH:4
end_of_record
TN:
SF:D:\workspace\fork\projection-grid\js\grid-view.js
FN:3,(anonymous_1)
FN:6,initialize
FN:22,(anonymous_3)
FN:26,(anonymous_4)
FN:30,(anonymous_5)
FN:34,(anonymous_6)
FN:43,(anonymous_7)
FN:48,(anonymous_8)
FN:66,remove
FN:71,set
FN:75,render
FN:87,getSelection
FN:93,selectContainer
FNF:13
FNH:1
FNDA:1,(anonymous_1)
FNDA:0,initialize
FNDA:0,(anonymous_3)
FNDA:0,(anonymous_4)
FNDA:0,(anonymous_5)
FNDA:0,(anonymous_6)
FNDA:0,(anonymous_7)
FNDA:0,(anonymous_8)
FNDA:0,remove
FNDA:0,set
FNDA:0,render
FNDA:0,getSelection
FNDA:0,selectContainer
DA:1,1
DA:8,1
DA:11,0
DA:13,0
DA:15,0
DA:18,0
DA:24,0
DA:26,0
DA:27,0
DA:30,0
DA:31,0
DA:34,0
DA:35,0
DA:38,0
DA:39,0
DA:40,0
DA:42,0
DA:43,0
DA:47,0
DA:48,0
DA:50,0
DA:51,0
DA:52,0
DA:53,0
DA:56,0
DA:58,0
DA:59,0
DA:60,0
DA:62,0
DA:66,0
DA:67,0
DA:71,0
DA:72,0
DA:76,0
DA:80,0
DA:82,0
DA:84,0
DA:85,0
DA:88,0
DA:92,0
DA:97,1
DA:98,0
DA:99,0
DA:102,0
DA:105,1
LF:45
LH:4
BRDA:7,1,0,0
BRDA:7,1,1,0
BRDA:46,2,0,0
BRDA:46,2,1,0
BRDA:47,3,0,0
BRDA:47,3,1,0
BRDA:52,4,0,0
BRDA:52,4,1,0
BRDA:55,5,0,0
BRDA:55,5,1,0
BRDA:76,6,0,0
BRDA:76,6,1,0
BRDA:80,7,0,0
BRDA:80,7,1,0
BRDA:88,8,0,0
BRDA:88,8,1,0
BRDA:94,9,0,0
BRDA:94,9,1,0
BRDA:94,10,0,0
BRDA:94,10,1,0
BRDA:94,10,2,0
BRF:21
BRH:0
end_of_record
TN:
SF:D:\workspace\fork\projection-grid\js\model\index.js
FN:3,(anonymous_1)
FNF:1
FNH:1
FNDA:1,(anonymous_1)
DA:1,1
DA:5,1
LF:2
LH:2
BRF:0
BRH:0
end_of_record
TN:
SF:D:\workspace\fork\projection-grid\js\windowContainer.js
FN:3,(anonymous_1)
FN:5,constructor
FN:10,offset
FNF:3
FNH:1
FNDA:1,(anonymous_1)
FNDA:0,constructor
FNDA:0,offset
DA:1,1
DA:6,1
DA:8,0
DA:9,0
DA:13,0
DA:17,1
LF:6
LH:3
BRF:0
BRH:0
end_of_record
TN:
SF:D:\workspace\fork\projection-grid\js\containerBase.js
FN:3,(anonymous_1)
FN:10,onScroll
FN:14,onResize
FN:18,offset
FNF:4
FNH:1
FNDA:1,(anonymous_1)
FNDA:0,onScroll
FNDA:0,onResize
FNDA:0,offset
DA:1,1
DA:6,1
DA:13,0
DA:17,0
DA:21,0
DA:25,1
LF:6
LH:3
BRF:0
BRH:0
end_of_record
TN:
SF:D:\workspace\fork\projection-grid\js\elementContainer.js
FN:3,(anonymous_1)
FN:5,offset
FN:15,(anonymous_3)
FNF:3
FNH:1
FNDA:1,(anonymous_1)
FNDA:0,offset
FNDA:0,(anonymous_3)
DA:1,1
DA:6,1
DA:8,0
DA:10,0
DA:17,1
DA:18,0
DA:21,1
LF:7
LH:4
BRF:0
BRH:0
end_of_record
TN:
SF:D:\workspace\fork\projection-grid\js\vnext\factory\data-source-plugin.js
FN:13,_interopRequireDefault
FN:39,(anonymous_2)
FN:40,(anonymous_3)
FNF:3
FNH:3
FNDA:1,_interopRequireDefault
FNDA:3,(anonymous_2)
FNDA:3,(anonymous_3)
DA:0,1
DA:1,1
DA:2,1
DA:33,3
DA:34,3
DA:36,3
DA:37,0
DA:42,3
DA:43,3
DA:46,0
DA:47,0
DA:50,0
DA:51,0
DA:54,0
LF:14
LH:8
BRDA:13,1,0,0
BRDA:13,1,1,1
BRDA:13,2,0,1
BRDA:13,2,1,1
BRDA:43,3,0,0
BRDA:43,3,1,3
BRDA:51,4,0,3
BRDA:51,4,1,0
BRDA:55,5,0,0
BRDA:55,5,1,0
BRDA:59,6,0,0
BRDA:59,6,1,0
BRF:12
BRH:6
end_of_record
TN:
SF:D:\workspace\fork\projection-grid\js\vnext\data-source\index.js
FN:11,get
FN:20,get
FN:29,get
FN:38,get
FNF:4
FNH:4
FNDA:4,get
FNDA:1,get
FNDA:1,get
FNDA:4,get
DA:0,4
LF:1
LH:1
BRF:0
BRH:0
end_of_record
TN:
SF:D:\workspace\fork\projection-grid\js\vnext\data-source\base.js
FN:8,(anonymous_1)
FN:8,defineProperties
FN:8,(anonymous_3)
FN:14,_interopRequireDefault
FN:16,_classCallCheck
FN:27,(anonymous_6)
FN:28,DataSource
FN:50,query
FN:77,normalizeOrderBy
FN:88,(anonymous_10)
FN:150,get
FNF:11
FNH:10
FNDA:1,(anonymous_1)
FNDA:1,defineProperties
FNDA:1,(anonymous_3)
FNDA:1,_interopRequireDefault
FNDA:3,_classCallCheck
FNDA:1,(anonymous_6)
FNDA:3,DataSource
FNDA:0,query
FNDA:0,normalizeOrderBy
FNDA:0,(anonymous_10)
FNDA:10,get
DA:0,3
DA:1,1
DA:3,1
DA:13,3
DA:14,3
DA:22,10
DA:30,0
DA:53,0
DA:60,0
DA:61,0
DA:62,0
DA:63,0
DA:70,0
DA:71,0
DA:72,0
DA:82,0
DA:83,0
DA:84,0
DA:87,0
DA:88,0
DA:91,0
DA:92,0
DA:103,0
DA:109,0
DA:112,0
DA:113,0
DA:114,0
DA:117,0
LF:28
LH:6
BRDA:8,1,0,3
BRDA:8,1,1,3
BRDA:8,2,0,2
BRDA:8,2,1,1
BRDA:8,3,0,1
BRDA:8,3,1,0
BRDA:8,4,0,0
BRDA:8,4,1,1
BRDA:14,5,0,0
BRDA:14,5,1,1
BRDA:14,6,0,1
BRDA:14,6,1,1
BRDA:16,7,0,0
BRDA:16,7,1,3
BRDA:29,8,0,3
BRDA:29,8,1,0
BRDA:29,9,0,3
BRDA:29,9,1,3
BRDA:80,10,0,0
BRDA:80,10,1,0
BRDA:80,11,0,0
BRDA:80,11,1,0
BRDA:88,12,0,0
BRDA:88,12,1,0
BRDA:98,13,0,0
BRDA:98,13,1,0
BRDA:110,14,0,0
BRDA:110,14,1,0
BRDA:115,15,0,0
BRDA:115,15,1,0
BRDA:119,16,0,0
BRDA:119,16,1,0
BRDA:131,17,0,0
BRDA:131,17,1,0
BRDA:140,18,0,0
BRDA:140,18,1,0
BRF:36
BRH:17
end_of_record
TN:
SF:D:\workspace\fork\projection-grid\js\vnext\data-source\odata.js
FN:8,(anonymous_1)
FN:8,defineProperties
FN:8,(anonymous_3)
FN:10,(anonymous_4)
FN:10,sliceIterator
FN:10,(anonymous_6)
FN:26,_interopRequireDefault
FN:28,_classCallCheck
FN:30,_possibleConstructorReturn
FN:32,_inherits
FN:34,translateOrderBy
FN:35,(anonymous_12)
FN:44,translateParams
FN:63,(anonymous_14)
FN:66,ODataDataSource
FN:77,query
FN:80,(anonymous_17)
FN:81,(anonymous_18)
FN:84,(anonymous_19)
FN:93,get
FNF:20
FNH:13
FNDA:1,(anonymous_1)
FNDA:1,defineProperties
FNDA:1,(anonymous_3)
FNDA:1,(anonymous_4)
FNDA:0,sliceIterator
FNDA:0,(anonymous_6)
FNDA:3,_interopRequireDefault
FNDA:0,_classCallCheck
FNDA:0,_possibleConstructorReturn
FNDA:1,_inherits
FNDA:0,translateOrderBy
FNDA:0,(anonymous_12)
FNDA:0,translateParams
FNDA:1,(anonymous_14)
FNDA:0,ODataDataSource
FNDA:0,query
FNDA:0,(anonymous_17)
FNDA:0,(anonymous_18)
FNDA:0,(anonymous_19)
FNDA:0,get
DA:0,3
DA:1,1
DA:2,1
DA:3,1
DA:4,1
DA:6,1
DA:7,0
DA:8,0
DA:13,1
DA:14,0
DA:35,1
DA:37,0
DA:40,0
DA:41,0
DA:42,0
DA:45,0
DA:47,0
DA:54,0
LF:18
LH:8
BRDA:8,1,0,2
BRDA:8,1,1,2
BRDA:8,2,0,1
BRDA:8,2,1,1
BRDA:8,3,0,1
BRDA:8,3,1,0
BRDA:8,4,0,0
BRDA:8,4,1,1
BRDA:10,5,0,0
BRDA:10,5,1,0
BRDA:10,6,0,0
BRDA:10,6,1,0
BRDA:10,7,0,0
BRDA:10,7,1,0
BRDA:10,8,0,0
BRDA:10,8,1,0
BRDA:10,9,0,0
BRDA:10,9,1,0
BRDA:10,10,0,0
BRDA:10,10,1,0
BRDA:10,11,0,0
BRDA:10,11,1,0
BRDA:26,12,0,0
BRDA:26,12,1,3
BRDA:26,13,0,3
BRDA:26,13,1,3
BRDA:28,14,0,0
BRDA:28,14,1,0
BRDA:30,15,0,0
BRDA:30,15,1,0
BRDA:30,16,0,0
BRDA:30,16,1,0
BRDA:30,17,0,0
BRDA:30,17,1,0
BRDA:30,17,2,0
BRDA:32,18,0,0
BRDA:32,18,1,1
BRDA:32,19,0,1
BRDA:32,19,1,0
BRDA:32,20,0,1
BRDA:32,20,1,1
BRDA:32,21,0,1
BRDA:32,21,1,0
BRDA:32,22,0,0
BRDA:32,22,1,1
BRDA:40,23,0,0
BRDA:40,23,1,0
BRDA:69,24,0,0
BRDA:69,24,1,0
BRDA:86,25,0,0
BRDA:86,25,1,0
BRDA:87,26,0,0
BRDA:87,26,1,0
BRF:53
BRH:45
end_of_record
TN:
SF:D:\workspace\fork\projection-grid\js\vnext\data-source\js-data.js
FN:8,(anonymous_1)
FN:8,defineProperties
FN:8,(anonymous_3)
FN:10,(anonymous_4)
FN:10,sliceIterator
FN:10,(anonymous_6)
FN:18,_interopRequireDefault
FN:20,_classCallCheck
FN:22,_possibleConstructorReturn
FN:24,_inherits
FN:26,translateOrderBy
FN:27,(anonymous_12)
FN:38,translateParams
FN:56,(anonymous_14)
FN:59,JSDataDataSource
FN:73,query
FN:76,(anonymous_17)
FN:85,get
FNF:18
FNH:13
FNDA:1,(anonymous_1)
FNDA:1,defineProperties
FNDA:1,(anonymous_3)
FNDA:1,(anonymous_4)
FNDA:0,sliceIterator
FNDA:0,(anonymous_6)
FNDA:1,_interopRequireDefault
FNDA:0,_classCallCheck
FNDA:0,_possibleConstructorReturn
FNDA:1,_inherits
FNDA:0,translateOrderBy
FNDA:0,(anonymous_12)
FNDA:0,translateParams
FNDA:1,(anonymous_14)
FNDA:0,JSDataDataSource
FNDA:0,query
FNDA:0,(anonymous_17)
FNDA:0,get
DA:0,2
DA:1,1
DA:2,1
DA:4,1
DA:5,0
DA:6,0
DA:12,0
DA:15,1
DA:16,0
DA:36,1
DA:38,0
DA:39,0
DA:43,0
DA:45,0
DA:47,0
DA:54,0
LF:16
LH:6
BRDA:8,1,0,2
BRDA:8,1,1,2
BRDA:8,2,0,1
BRDA:8,2,1,1
BRDA:8,3,0,1
BRDA:8,3,1,0
BRDA:8,4,0,0
BRDA:8,4,1,1
BRDA:10,5,0,0
BRDA:10,5,1,0
BRDA:10,6,0,0
BRDA:10,6,1,0
BRDA:10,7,0,0
BRDA:10,7,1,0
BRDA:10,8,0,0
BRDA:10,8,1,0
BRDA:10,9,0,0
BRDA:10,9,1,0
BRDA:10,10,0,0
BRDA:10,10,1,0
BRDA:10,11,0,0
BRDA:10,11,1,0
BRDA:18,12,0,0
BRDA:18,12,1,1
BRDA:18,13,0,1
BRDA:18,13,1,1
BRDA:20,14,0,0
BRDA:20,14,1,0
BRDA:22,15,0,0
BRDA:22,15,1,0
BRDA:22,16,0,0
BRDA:22,16,1,0
BRDA:22,17,0,0
BRDA:22,17,1,0
BRDA:22,17,2,0
BRDA:24,18,0,0
BRDA:24,18,1,1
BRDA:24,19,0,1
BRDA:24,19,1,0
BRDA:24,20,0,1
BRDA:24,20,1,1
BRDA:24,21,0,1
BRDA:24,21,1,0
BRDA:24,22,0,0
BRDA:24,22,1,1
BRDA:32,23,0,0
BRDA:32,23,1,0
BRDA:35,24,0,0
BRDA:35,24,1,0
BRDA:60,25,0,0
BRDA:60,25,1,0
BRDA:60,26,0,0
BRDA:60,26,1,0
BRDA:64,27,0,0
BRDA:64,27,1,0
BRDA:79,28,0,0
BRDA:79,28,1,0
BRF:57
BRH:45
end_of_record
TN:
SF:D:\workspace\fork\projection-grid\js\vnext\data-source\memory.js
FN:8,(anonymous_1)
FN:8,defineProperties
FN:8,(anonymous_3)
FN:16,_interopRequireDefault
FN:18,_classCallCheck
FN:20,_possibleConstructorReturn
FN:22,_inherits
FN:32,(anonymous_8)
FN:35,MemoryDataSource
FN:46,query
FN:54,(anonymous_11)
FN:70,(anonymous_12)
FN:72,sortIteratee
FN:73,(anonymous_14)
FNF:14
FNH:14
FNDA:1,(anonymous_1)
FNDA:1,defineProperties
FNDA:1,(anonymous_3)
FNDA:1,_interopRequireDefault
FNDA:3,_classCallCheck
FNDA:3,_possibleConstructorReturn
FNDA:1,_inherits
FNDA:1,(anonymous_8)
FNDA:3,MemoryDataSource
FNDA:5,query
FNDA:80,(anonymous_11)
FNDA:2,(anonymous_12)
FNDA:32,sortIteratee
FNDA:32,(anonymous_14)
DA:0,3
DA:1,1
DA:2,1
DA:13,3
DA:15,3
DA:18,5
DA:22,80
DA:27,5
DA:29,5
DA:30,0
DA:31,5
DA:32,2
DA:33,32
DA:36,5
DA:38,5
DA:39,2
DA:41,2
DA:42,1
DA:46,5
LF:19
LH:18
BRDA:8,1,0,1
BRDA:8,1,1,1
BRDA:8,2,0,1
BRDA:8,2,1,0
BRDA:8,3,0,1
BRDA:8,3,1,0
BRDA:8,4,0,0
BRDA:8,4,1,1
BRDA:16,5,0,0
BRDA:16,5,1,1
BRDA:16,6,0,1
BRDA:16,6,1,1
BRDA:18,7,0,0
BRDA:18,7,1,3
BRDA:20,8,0,0
BRDA:20,8,1,3
BRDA:20,9,0,0
BRDA:20,9,1,3
BRDA:20,10,0,3
BRDA:20,10,1,0
BRDA:20,10,2,0
BRDA:22,11,0,0
BRDA:22,11,1,1
BRDA:22,12,0,1
BRDA:22,12,1,0
BRDA:22,13,0,1
BRDA:22,13,1,1
BRDA:22,14,0,1
BRDA:22,14,1,0
BRDA:22,15,0,0
BRDA:22,15,1,1
BRDA:38,16,0,3
BRDA:38,16,1,0
BRDA:47,17,0,5
BRDA:47,17,1,0
BRDA:50,18,0,5
BRDA:50,18,1,0
BRDA:52,19,0,5
BRDA:52,19,1,0
BRDA:54,20,0,5
BRDA:54,20,1,0
BRDA:58,21,0,3
BRDA:58,21,1,2
BRDA:60,22,0,5
BRDA:60,22,1,3
BRDA:67,23,0,0
BRDA:67,23,1,5
BRDA:69,24,0,2
BRDA:69,24,1,3
BRDA:82,25,0,2
BRDA:82,25,1,3
BRDA:85,26,0,1
BRDA:85,26,1,1
BRF:53
BRH:47
end_of_record
TN:
SF:D:\workspace\fork\projection-grid\js\vnext\factory\grid-view-plugin.js
FN:13,_interopRequireDefault
FN:52,(anonymous_2)
FN:53,(anonymous_3)
FNF:3
FNH:3
FNDA:1,_interopRequireDefault
FNDA:3,(anonymous_2)
FNDA:3,(anonymous_3)
DA:0,1
DA:1,1
DA:2,1
DA:4,1
DA:5,1
DA:40,3
DA:44,3
DA:48,3
DA:50,3
DA:52,3
LF:10
LH:10
BRDA:13,1,0,0
BRDA:13,1,1,1
BRDA:13,2,0,1
BRDA:13,2,1,1
BRF:4
BRH:4
end_of_record
TN:
SF:D:\workspace\fork\projection-grid\js\vnext\grid-view.js
FN:8,get
FN:10,(anonymous_2)
FN:10,defineProperties
FN:10,(anonymous_4)
FN:34,_interopRequireDefault
FN:36,_possibleConstructorReturn
FN:38,_inherits
FN:40,_classCallCheck
FN:42,defaultsDeep
FN:45,(anonymous_10)
FN:54,nextTick
FN:55,(anonymous_12)
FN:60,(anonymous_13)
FN:61,ProjectionChain
FN:77,update
FN:86,(anonymous_16)
FN:97,(anonymous_17)
FN:109,(anonymous_18)
FN:120,pipe
FN:127,(anonymous_20)
FN:153,(anonymous_21)
FN:156,GridView
FN:164,initialize
FN:182,(anonymous_24)
FN:277,patchEvents
FN:279,(anonymous_26)
FN:298,(anonymous_27)
FN:315,(anonymous_28)
FN:317,(anonymous_29)
FN:318,(anonymous_30)
FN:321,(anonymous_31)
FN:330,scheduleUpdate
FN:359,(anonymous_33)
FN:360,(anonymous_34)
FN:369,(anonymous_35)
FN:391,pipeDataProjections
FN:408,pipeStructureProjections
FN:425,pipeContentProjections
FN:447,set
FN:466,(anonymous_40)
FN:483,get
FN:519,patch
FN:525,(anonymous_43)
FN:544,render
FN:547,(anonymous_45)
FN:561,remove
FN:595,query
FN:609,getItemCount
FN:621,itemWithKey
FN:635,keyOfElement
FN:653,itemAt
FN:674,indexOfElement
FN:685,selectedKeys
FN:696,selectedItems
FN:699,(anonymous_55)
FN:711,selectRow
FN:722,deselectRow
FN:732,selectAll
FN:742,deselectAll
FN:754,columnWithName
FN:766,getHeadRows
FN:784,setHeadRows
FN:796,prependHeadRows
FN:797,(anonymous_64)
FN:809,appendHeadRows
FN:810,(anonymous_66)
FN:822,getBodyRows
FN:834,setBodyRows
FN:846,prependBodyRows
FN:847,(anonymous_70)
FN:859,appendBodyRows
FN:860,(anonymous_72)
FN:872,getFootRows
FN:884,setFootRows
FN:896,prependFootRows
FN:897,(anonymous_76)
FN:909,appendFootRows
FN:910,(anonymous_78)
FN:916,get
FN:921,get
FN:932,get
FN:943,get
FN:954,get
FNF:83
FNH:76
FNDA:3,get
FNDA:1,(anonymous_2)
FNDA:2,defineProperties
FNDA:2,(anonymous_4)
FNDA:4,_interopRequireDefault
FNDA:3,_possibleConstructorReturn
FNDA:1,_inherits
FNDA:12,_classCallCheck
FNDA:6,defaultsDeep
FNDA:3,(anonymous_10)
FNDA:5,nextTick
FNDA:5,(anonymous_12)
FNDA:1,(anonymous_13)
FNDA:9,ProjectionChain
FNDA:15,update
FNDA:50,(anonymous_16)
FNDA:50,(anonymous_17)
FNDA:15,(anonymous_18)
FNDA:9,pipe
FNDA:30,(anonymous_20)
FNDA:1,(anonymous_21)
FNDA:3,GridView
FNDA:3,initialize
FNDA:30,(anonymous_24)
FNDA:5,patchEvents
FNDA:35,(anonymous_26)
FNDA:6,(anonymous_27)
FNDA:15,(anonymous_28)
FNDA:5,(anonymous_29)
FNDA:5,(anonymous_30)
FNDA:5,(anonymous_31)
FNDA:3,scheduleUpdate
FNDA:6,(anonymous_33)
FNDA:16,(anonymous_34)
FNDA:38,(anonymous_35)
FNDA:3,pipeDataProjections
FNDA:3,pipeStructureProjections
FNDA:3,pipeContentProjections
FNDA:5,set
FNDA:8,(anonymous_40)
FNDA:11,get
FNDA:2,patch
FNDA:4,(anonymous_43)
FNDA:3,render
FNDA:3,(anonymous_45)
FNDA:3,remove
FNDA:5,query
FNDA:0,getItemCount
FNDA:0,itemWithKey
FNDA:0,keyOfElement
FNDA:0,itemAt
FNDA:0,indexOfElement
FNDA:0,selectedKeys
FNDA:0,selectedItems
FNDA:0,(anonymous_55)
FNDA:0,selectRow
FNDA:0,deselectRow
FNDA:0,selectAll
FNDA:0,deselectAll
FNDA:2,columnWithName
FNDA:0,getHeadRows
FNDA:0,setHeadRows
FNDA:0,prependHeadRows
FNDA:0,(anonymous_64)
FNDA:0,appendHeadRows
FNDA:0,(anonymous_66)
FNDA:0,getBodyRows
FNDA:0,setBodyRows
FNDA:0,prependBodyRows
FNDA:0,(anonymous_70)
FNDA:0,appendBodyRows
FNDA:0,(anonymous_72)
FNDA:0,getFootRows
FNDA:0,setFootRows
FNDA:0,prependFootRows
FNDA:0,(anonymous_76)
FNDA:0,appendFootRows
FNDA:0,(anonymous_78)
FNDA:0,get
FNDA:0,get
FNDA:0,get
FNDA:10,get
FNDA:0,get
DA:0,41
DA:1,1
DA:2,1
DA:3,1
DA:4,1
DA:5,1
DA:20,1
DA:21,1
DA:27,1
DA:28,6
DA:29,4
DA:30,4
DA:31,3
DA:32,2
DA:36,6
DA:39,1
DA:40,5
DA:44,9
DA:45,9
DA:46,9
DA:47,9
DA:48,9
DA:54,15
DA:55,15
DA:57,15
DA:59,15
DA:62,50
DA:64,50
DA:66,50
DA:67,50
DA:68,50
DA:69,50
DA:72,0
DA:73,0
DA:76,50
DA:81,15
DA:88,9
DA:89,9
DA:92,30
DA:94,30
DA:95,30
DA:98,9
DA:114,3
DA:115,3
DA:120,3
DA:122,3
DA:124,3
DA:126,3
DA:127,30
DA:129,30
DA:130,0
DA:154,30
DA:161,30
DA:182,3
DA:197,3
DA:215,3
DA:217,3
DA:218,3
DA:223,3
DA:231,5
DA:232,35
DA:234,3
DA:239,3
DA:248,3
DA:249,6
DA:251,6
DA:257,6
DA:260,6
DA:261,1
DA:262,1
DA:265,5
DA:269,15
DA:271,5
DA:272,5
DA:280,5
DA:284,3
DA:285,3
DA:286,0
DA:288,3
DA:290,3
DA:291,0
DA:293,3
DA:298,3
DA:300,3
DA:315,16
DA:316,16
DA:320,38
DA:321,38
DA:323,38
DA:325,38
DA:326,0
DA:336,6
DA:337,3
DA:338,3
DA:346,3
DA:347,3
DA:348,3
DA:356,3
DA:357,3
DA:358,3
DA:371,5
DA:373,5
DA:374,3
DA:376,3
DA:385,3
DA:386,0
DA:387,0
DA:389,3
DA:392,5
DA:393,8
DA:395,8
DA:397,5
DA:398,5
DA:408,11
DA:409,0
DA:411,0
DA:412,0
DA:413,0
DA:414,0
DA:415,0
DA:416,0
DA:417,0
DA:418,0
DA:419,0
DA:422,0
DA:424,11
DA:439,2
DA:440,2
DA:441,4
DA:442,4
DA:444,4
DA:445,4
DA:456,3
DA:457,3
DA:458,3
DA:459,3
DA:460,3
DA:462,3
DA:469,3
DA:470,3
DA:493,0
DA:502,5
DA:510,0
DA:518,0
DA:526,10
DA:534,0
DA:539,0
DA:548,0
DA:562,0
DA:564,0
DA:565,0
DA:568,0
DA:577,0
DA:595,0
DA:603,0
DA:611,0
DA:613,0
DA:614,0
DA:624,0
DA:632,0
DA:639,0
DA:646,0
DA:655,2
DA:656,2
DA:664,0
DA:679,0
DA:680,0
DA:688,0
DA:696,0
DA:704,0
DA:713,0
DA:714,0
DA:722,0
DA:730,0
DA:738,0
DA:747,0
DA:748,0
DA:756,0
DA:764,0
LF:179
LH:125
BRDA:8,1,0,0
BRDA:8,1,1,3
BRDA:8,2,0,0
BRDA:8,2,1,3
BRDA:8,3,0,0
BRDA:8,3,1,0
BRDA:8,4,0,3
BRDA:8,4,1,0
BRDA:8,5,0,0
BRDA:8,5,1,0
BRDA:10,6,0,41
BRDA:10,6,1,41
BRDA:10,7,0,36
BRDA:10,7,1,5
BRDA:10,8,0,2
BRDA:10,8,1,0
BRDA:10,9,0,0
BRDA:10,9,1,2
BRDA:34,10,0,0
BRDA:34,10,1,4
BRDA:34,11,0,4
BRDA:34,11,1,4
BRDA:36,12,0,0
BRDA:36,12,1,3
BRDA:36,13,0,0
BRDA:36,13,1,3
BRDA:36,14,0,3
BRDA:36,14,1,0
BRDA:36,14,2,0
BRDA:38,15,0,0
BRDA:38,15,1,1
BRDA:38,16,0,1
BRDA:38,16,1,0
BRDA:38,17,0,1
BRDA:38,17,1,1
BRDA:38,18,0,1
BRDA:38,18,1,0
BRDA:38,19,0,0
BRDA:38,19,1,1
BRDA:40,20,0,0
BRDA:40,20,1,12
BRDA:43,21,0,4
BRDA:43,21,1,2
BRDA:43,22,0,6
BRDA:43,22,1,5
BRDA:46,23,0,2
BRDA:46,23,1,1
BRDA:80,24,0,9
BRDA:80,24,1,6
BRDA:80,25,0,15
BRDA:80,25,1,15
BRDA:82,26,0,15
BRDA:82,26,1,6
BRDA:95,27,0,50
BRDA:95,27,1,0
BRDA:95,28,0,50
BRDA:95,28,1,2
BRDA:95,28,2,2
BRDA:128,29,0,30
BRDA:128,29,1,30
BRDA:159,30,0,3
BRDA:159,30,1,0
BRDA:185,31,0,0
BRDA:185,31,1,30
BRDA:212,32,0,0
BRDA:212,32,1,30
BRDA:214,33,0,30
BRDA:214,33,1,27
BRDA:310,34,0,1
BRDA:310,34,1,5
BRDA:331,35,0,0
BRDA:331,35,1,3
BRDA:336,36,0,0
BRDA:336,36,1,3
BRDA:375,37,0,38
BRDA:375,37,1,21
BRDA:377,38,0,0
BRDA:377,38,1,38
BRDA:450,39,0,5
BRDA:450,39,1,0
BRDA:450,40,0,5
BRDA:450,40,1,5
BRDA:451,41,0,2
BRDA:451,41,1,3
BRDA:451,42,0,5
BRDA:451,42,1,2
BRDA:454,43,0,3
BRDA:454,43,1,2
BRDA:459,44,0,0
BRDA:459,44,1,3
BRDA:459,45,0,3
BRDA:459,45,1,3
BRDA:469,46,0,8
BRDA:469,46,1,0
BRDA:485,47,0,0
BRDA:485,47,1,11
BRDA:488,48,0,0
BRDA:488,48,1,0
BRDA:491,49,0,0
BRDA:491,49,1,0
BRDA:494,50,0,0
BRDA:494,50,1,0
BRDA:522,51,0,2
BRDA:522,51,1,0
BRDA:522,52,0,2
BRDA:522,52,1,2
BRDA:523,53,0,0
BRDA:523,53,1,2
BRDA:523,54,0,2
BRDA:523,54,1,0
BRDA:563,55,0,3
BRDA:563,55,1,0
BRDA:638,56,0,0
BRDA:638,56,1,0
BRDA:639,57,0,0
BRDA:639,57,1,0
BRDA:756,58,0,2
BRDA:756,58,1,0
BRDA:785,59,0,0
BRDA:785,59,1,0
BRDA:835,60,0,0
BRDA:835,60,1,0
BRDA:885,61,0,0
BRDA:885,61,1,0
BRF:124
BRH:93
end_of_record
TN:
SF:D:\workspace\fork\projection-grid\js\vnext\projection\index.js
FN:11,get
FN:20,get
FN:29,get
FN:35,get
FN:41,get
FN:50,get
FN:59,get
FN:68,get
FN:77,get
FN:86,get
FN:95,get
FN:104,get
FNF:12
FNH:12
FNDA:3,get
FNDA:3,get
FNDA:3,get
FNDA:0,get
FNDA:0,get
FNDA:3,get
FNDA:3,get
FNDA:3,get
FNDA:3,get
FNDA:3,get
FNDA:3,get
FNDA:3,get
DA:0,3
LF:1
LH:1
BRF:0
BRH:0
end_of_record
TN:
SF:D:\workspace\fork\projection-grid\js\vnext\projection\query.js
FN:20,_interopRequireDefault
FN:43,queryProjectionHandler
FN:54,(anonymous_3)
FN:61,(anonymous_4)
FN:67,(anonymous_5)
FN:81,(anonymous_6)
FNF:6
FNH:5
FNDA:3,_interopRequireDefault
FNDA:5,queryProjectionHandler
FNDA:0,(anonymous_3)
FNDA:5,(anonymous_4)
FNDA:80,(anonymous_5)
FNDA:5,(anonymous_6)
DA:0,3
DA:1,1
DA:2,1
DA:3,1
DA:26,5
DA:27,5
DA:33,5
DA:35,5
DA:36,0
DA:37,0
DA:42,5
DA:43,5
DA:45,5
DA:46,80
DA:47,0
DA:49,80
DA:52,5
DA:65,5
DA:69,1
LF:19
LH:16
BRDA:20,1,0,0
BRDA:20,1,1,3
BRDA:20,2,0,3
BRDA:20,2,1,3
BRDA:68,3,0,0
BRDA:68,3,1,80
BRF:6
BRH:5
end_of_record
TN:
SF:D:\workspace\fork\projection-grid\js\vnext\projection\buffer.js
FN:20,_interopRequireDefault
FN:22,updateItemState
FN:40,handler
FN:55,slice
FN:59,(anonymous_5)
FN:70,onCommit
FN:76,onEdit
FNF:7
FNH:4
FNDA:3,_interopRequireDefault
FNDA:0,updateItemState
FNDA:5,handler
FNDA:7,slice
FNDA:82,(anonymous_5)
FNDA:0,onCommit
FNDA:0,onEdit
DA:0,3
DA:1,1
DA:2,1
DA:3,1
DA:5,1
DA:6,0
DA:7,0
DA:8,0
DA:10,0
DA:14,0
DA:16,0
DA:21,1
DA:23,5
DA:26,5
DA:27,5
DA:28,5
DA:31,5
DA:33,7
DA:34,7
DA:35,82
DA:37,82
DA:38,0
DA:40,82
DA:45,5
DA:46,0
DA:47,0
DA:51,5
DA:52,0
DA:53,0
DA:54,0
DA:55,0
DA:60,5
DA:62,5
LF:33
LH:20
BRDA:20,1,0,0
BRDA:20,1,1,3
BRDA:20,2,0,3
BRDA:20,2,1,3
BRDA:48,3,0,5
BRDA:48,3,1,0
BRDA:56,4,0,7
BRDA:56,4,1,0
BRDA:56,5,0,7
BRDA:56,5,1,7
BRDA:57,6,0,7
BRDA:57,6,1,0
BRDA:57,7,0,7
BRDA:57,7,1,7
BRDA:62,8,0,0
BRDA:62,8,1,82
BRDA:71,9,0,0
BRDA:71,9,1,0
BRDA:77,10,0,0
BRDA:77,10,1,0
BRDA:79,11,0,0
BRDA:79,11,1,0
BRF:22
BRH:12
end_of_record
TN:
SF:D:\workspace\fork\projection-grid\js\vnext\projection\selection.js
FN:26,_interopRequireDefault
FN:28,updateSelection
FN:30,(anonymous_3)
FN:35,setSelectAll
FN:45,changeSelectAll
FN:50,setSelectRow
FN:60,changeSelectRow
FN:76,selectionProjectionHandler
FN:97,(anonymous_9)
FN:113,(anonymous_10)
FN:127,property
FN:154,normalizeSelectionConfig
FN:185,selectable
FNF:13
FNH:3
FNDA:3,_interopRequireDefault
FNDA:0,updateSelection
FNDA:0,(anonymous_3)
FNDA:0,setSelectAll
FNDA:0,changeSelectAll
FNDA:0,setSelectRow
FNDA:0,changeSelectRow
FNDA:5,selectionProjectionHandler
FNDA:0,(anonymous_9)
FNDA:0,(anonymous_10)
FNDA:0,property
FNDA:3,normalizeSelectionConfig
FNDA:0,selectable
DA:0,3
DA:1,1
DA:2,1
DA:3,1
DA:4,1
DA:5,1
DA:7,1
DA:8,0
DA:9,0
DA:10,0
DA:14,1
DA:16,0
DA:18,0
DA:21,1
DA:22,0
DA:23,0
DA:26,1
DA:28,0
DA:30,0
DA:33,1
DA:34,0
DA:36,0
DA:37,0
DA:49,5
DA:50,5
DA:51,5
DA:64,0
DA:65,0
DA:66,0
DA:68,0
DA:69,0
DA:78,0
DA:79,0
DA:80,0
DA:82,0
DA:85,0
DA:93,0
DA:106,0
DA:111,0
DA:119,3
DA:120,3
DA:121,3
DA:144,0
DA:148,0
DA:155,0
DA:156,0
DA:159,0
DA:160,0
DA:163,0
DA:167,1
LF:50
LH:18
BRDA:26,1,0,0
BRDA:26,1,1,3
BRDA:26,2,0,3
BRDA:26,2,1,3
BRDA:40,3,0,0
BRDA:40,3,1,0
BRDA:55,4,0,0
BRDA:55,4,1,0
BRDA:82,5,0,5
BRDA:82,5,1,0
BRDA:111,6,0,0
BRDA:111,6,1,0
BRDA:157,7,0,3
BRDA:157,7,1,0
BRDA:181,8,0,0
BRDA:181,8,1,0
BRDA:194,9,0,0
BRDA:194,9,1,0
BRDA:195,10,0,0
BRDA:195,10,1,0
BRDA:198,11,0,0
BRDA:198,11,1,0
BRF:22
BRH:6
end_of_record
TN:
SF:D:\workspace\fork\projection-grid\js\vnext\projection\single-selection-resolver.js
FN:8,(anonymous_1)
FN:8,defineProperties
FN:8,(anonymous_3)
FN:12,_classCallCheck
FN:14,_possibleConstructorReturn
FN:16,_inherits
FN:18,(anonymous_7)
FN:21,SingleSelectionResolver
FN:29,selectRow
FNF:9
FNH:9
FNDA:1,(anonymous_1)
FNDA:1,defineProperties
FNDA:1,(anonymous_3)
FNDA:0,_classCallCheck
FNDA:0,_possibleConstructorReturn
FNDA:1,_inherits
FNDA:1,(anonymous_7)
FNDA:0,SingleSelectionResolver
FNDA:0,selectRow
DA:0,1
DA:1,1
DA:5,0
LF:3
LH:2
BRDA:8,1,0,1
BRDA:8,1,1,1
BRDA:8,2,0,1
BRDA:8,2,1,0
BRDA:8,3,0,1
BRDA:8,3,1,0
BRDA:8,4,0,0
BRDA:8,4,1,1
BRDA:12,5,0,0
BRDA:12,5,1,0
BRDA:14,6,0,0
BRDA:14,6,1,0
BRDA:14,7,0,0
BRDA:14,7,1,0
BRDA:14,8,0,0
BRDA:14,8,1,0
BRDA:14,8,2,0
BRDA:16,9,0,0
BRDA:16,9,1,1
BRDA:16,10,0,1
BRDA:16,10,1,0
BRDA:16,11,0,1
BRDA:16,11,1,1
BRDA:16,12,0,1
BRDA:16,12,1,0
BRDA:16,13,0,0
BRDA:16,13,1,1
BRDA:24,14,0,0
BRDA:24,14,1,0
BRF:29
BRH:29
end_of_record
TN:
SF:D:\workspace\fork\projection-grid\js\vnext\projection\selection-resolver.js
FN:8,(anonymous_1)
FN:8,defineProperties
FN:8,(anonymous_3)
FN:14,_interopRequireDefault
FN:16,_classCallCheck
FN:18,(anonymous_6)
FN:19,SelectionResolver
FN:27,updateItems
FN:32,selectRow
FN:37,deselectRow
FN:42,selectAll
FN:47,deselectAll
FN:52,patch
FNF:13
FNH:12
FNDA:1,(anonymous_1)
FNDA:1,defineProperties
FNDA:1,(anonymous_3)
FNDA:1,_interopRequireDefault
FNDA:0,_classCallCheck
FNDA:1,(anonymous_6)
FNDA:0,SelectionResolver
FNDA:0,updateItems
FNDA:0,selectRow
FNDA:0,deselectRow
FNDA:0,selectAll
FNDA:0,deselectAll
FNDA:0,patch
DA:0,6
DA:1,1
DA:4,1
DA:5,0
DA:9,0
DA:13,0
DA:17,0
DA:21,0
DA:25,0
DA:29,0
DA:30,0
DA:32,0
LF:12
LH:3
BRDA:8,1,0,6
BRDA:8,1,1,6
BRDA:8,2,0,6
BRDA:8,2,1,0
BRDA:8,3,0,1
BRDA:8,3,1,0
BRDA:8,4,0,0
BRDA:8,4,1,1
BRDA:14,5,0,0
BRDA:14,5,1,1
BRDA:14,6,0,1
BRDA:14,6,1,1
BRDA:16,7,0,0
BRDA:16,7,1,0
BRDA:54,8,0,0
BRDA:54,8,1,0
BRF:16
BRH:14
end_of_record
TN:
SF:D:\workspace\fork\projection-grid\js\vnext\projection\multiple-selection-resolver.js
FN:8,(anonymous_1)
FN:8,defineProperties
FN:8,(anonymous_3)
FN:16,_interopRequireDefault
FN:18,_classCallCheck
FN:20,_possibleConstructorReturn
FN:22,_inherits
FN:24,(anonymous_8)
FN:27,MultipleSelectionResolver
FN:35,selectRow
FN:36,(anonymous_11)
FN:45,deselectRow
FN:46,(anonymous_13)
FN:58,selectAll
FN:61,(anonymous_15)
FN:77,deselectAll
FN:80,(anonymous_17)
FN:86,(anonymous_18)
FNF:18
FNH:13
FNDA:1,(anonymous_1)
FNDA:1,defineProperties
FNDA:1,(anonymous_3)
FNDA:1,_interopRequireDefault
FNDA:0,_classCallCheck
FNDA:0,_possibleConstructorReturn
FNDA:1,_inherits
FNDA:1,(anonymous_8)
FNDA:0,MultipleSelectionResolver
FNDA:0,selectRow
FNDA:0,(anonymous_11)
FNDA:0,deselectRow
FNDA:0,(anonymous_13)
FNDA:0,selectAll
FNDA:0,(anonymous_15)
FNDA:0,deselectAll
FNDA:0,(anonymous_17)
FNDA:0,(anonymous_18)
DA:0,4
DA:1,1
DA:2,1
DA:7,0
DA:13,0
DA:19,0
DA:20,0
DA:21,0
DA:23,0
DA:30,0
DA:35,0
DA:36,0
DA:37,0
DA:39,0
DA:40,0
DA:42,0
DA:45,0
LF:17
LH:3
BRDA:8,1,0,4
BRDA:8,1,1,4
BRDA:8,2,0,4
BRDA:8,2,1,0
BRDA:8,3,0,1
BRDA:8,3,1,0
BRDA:8,4,0,0
BRDA:8,4,1,1
BRDA:16,5,0,0
BRDA:16,5,1,1
BRDA:16,6,0,1
BRDA:16,6,1,1
BRDA:18,7,0,0
BRDA:18,7,1,0
BRDA:20,8,0,0
BRDA:20,8,1,0
BRDA:20,9,0,0
BRDA:20,9,1,0
BRDA:20,10,0,0
BRDA:20,10,1,0
BRDA:20,10,2,0
BRDA:22,11,0,0
BRDA:22,11,1,1
BRDA:22,12,0,1
BRDA:22,12,1,0
BRDA:22,13,0,1
BRDA:22,13,1,1
BRDA:22,14,0,1
BRDA:22,14,1,0
BRDA:22,15,0,0
BRDA:22,15,1,1
BRDA:30,16,0,0
BRDA:30,16,1,0
BRDA:89,17,0,0
BRDA:89,17,1,0
BRF:35
BRH:33
end_of_record
TN:
SF:D:\workspace\fork\projection-grid\js\vnext\projection\columns.js
FN:12,_interopRequireDefault
FN:70,columnsProjectionHandler
FN:72,(anonymous_3)
FNF:3
FNH:3
FNDA:1,_interopRequireDefault
FNDA:5,columnsProjectionHandler
FNDA:10,(anonymous_3)
DA:0,1
DA:1,1
DA:59,1
DA:60,5
DA:61,10
DA:68,1
LF:6
LH:6
BRDA:12,1,0,0
BRDA:12,1,1,1
BRDA:12,2,0,1
BRDA:12,2,1,1
BRDA:72,3,0,5
BRDA:72,3,1,2
BRF:6
BRH:6
end_of_record
TN:
SF:D:\workspace\fork\projection-grid\js\vnext\projection\rows.js
FN:14,_interopRequireDefault
FN:63,rowsProjectionHandler
FN:81,(anonymous_3)
FN:83,(anonymous_4)
FNF:4
FNH:4
FNDA:1,_interopRequireDefault
FNDA:5,rowsProjectionHandler
FNDA:5,(anonymous_3)
FNDA:80,(anonymous_4)
DA:0,1
DA:1,1
DA:2,1
DA:4,1
DA:51,1
DA:55,5
DA:56,5
DA:58,5
DA:59,5
DA:62,5
DA:64,5
DA:65,5
DA:66,5
DA:67,80
DA:68,80
DA:69,80
DA:74,80
DA:76,0
DA:77,0
DA:79,0
DA:82,5
DA:85,5
DA:88,1
LF:23
LH:20
BRDA:14,1,0,0
BRDA:14,1,1,1
BRDA:14,2,0,1
BRDA:14,2,1,1
BRDA:64,3,0,0
BRDA:64,3,1,5
BRDA:64,4,0,5
BRDA:64,4,1,5
BRDA:67,5,0,5
BRDA:67,5,1,0
BRDA:69,6,0,5
BRDA:69,6,1,0
BRDA:71,7,0,5
BRDA:71,7,1,0
BRDA:76,8,0,5
BRDA:76,8,1,0
BRDA:82,9,0,5
BRDA:82,9,1,0
BRDA:82,10,0,5
BRDA:82,10,1,0
BRDA:90,11,0,0
BRDA:90,11,1,0
BRF:22
BRH:13
end_of_record
TN:
SF:D:\workspace\fork\projection-grid\js\vnext\projection\common.js
FN:7,(anonymous_1)
FN:7,sliceIterator
FN:7,(anonymous_3)
FN:15,_interopRequireDefault
FN:38,normalizeClasses
FN:46,(anonymous_6)
FN:68,(anonymous_7)
FNF:7
FNH:5
FNDA:1,(anonymous_1)
FNDA:0,sliceIterator
FNDA:0,(anonymous_3)
FNDA:1,_interopRequireDefault
FNDA:530,normalizeClasses
FNDA:0,(anonymous_6)
FNDA:0,(anonymous_7)
DA:0,1
DA:1,1
DA:24,1
DA:25,530
DA:26,0
DA:27,530
DA:28,0
DA:29,530
DA:30,0
DA:31,530
DA:32,0
DA:34,0
DA:41,0
DA:50,0
DA:52,0
DA:55,530
LF:16
LH:8
BRDA:7,1,0,0
BRDA:7,1,1,0
BRDA:7,2,0,0
BRDA:7,2,1,0
BRDA:7,3,0,0
BRDA:7,3,1,0
BRDA:7,4,0,0
BRDA:7,4,1,0
BRDA:7,5,0,0
BRDA:7,5,1,0
BRDA:7,6,0,0
BRDA:7,6,1,0
BRDA:7,7,0,0
BRDA:7,7,1,0
BRDA:15,8,0,0
BRDA:15,8,1,1
BRDA:15,9,0,1
BRDA:15,9,1,1
BRDA:39,10,0,0
BRDA:39,10,1,530
BRDA:41,11,0,0
BRDA:41,11,1,530
BRDA:43,12,0,0
BRDA:43,12,1,530
BRDA:45,13,0,0
BRDA:45,13,1,530
BRDA:67,14,0,0
BRDA:67,14,1,0
BRDA:67,14,2,0
BRDA:67,14,3,0
BRF:30
BRH:22
end_of_record
TN:
SF:D:\workspace\fork\projection-grid\js\vnext\projection\column-group.js
FN:8,(anonymous_1)
FN:8,defineProperties
FN:8,(anonymous_3)
FN:20,_interopRequireDefault
FN:22,_classCallCheck
FN:24,stringProperty
FN:29,get
FN:30,(anonymous_8)
FN:34,set
FN:35,(anonymous_10)
FN:76,normalizeProperty
FN:111,normalizeSortable
FN:155,(anonymous_13)
FN:156,ColumnGroup
FN:182,buildColumn
FN:220,(anonymous_16)
FN:227,(anonymous_17)
FN:240,buildColumnHeader
FN:281,columnWithName
FN:286,get
FN:291,get
FN:299,translateColumnGroup
FN:300,(anonymous_23)
FN:326,columnGroupProjectionHandler
FNF:24
FNH:22
FNDA:1,(anonymous_1)
FNDA:1,defineProperties
FNDA:1,(anonymous_3)
FNDA:2,_interopRequireDefault
FNDA:5,_classCallCheck
FNDA:30,stringProperty
FNDA:400,get
FNDA:400,(anonymous_8)
FNDA:0,set
FNDA:0,(anonymous_10)
FNDA:30,normalizeProperty
FNDA:30,normalizeSortable
FNDA:1,(anonymous_13)
FNDA:5,ColumnGroup
FNDA:30,buildColumn
FNDA:25,(anonymous_16)
FNDA:25,(anonymous_17)
FNDA:30,buildColumnHeader
FNDA:2,columnWithName
FNDA:0,get
FNDA:0,get
FNDA:5,translateColumnGroup
FNDA:25,(anonymous_23)
FNDA:5,columnGroupProjectionHandler
DA:0,5
DA:1,1
DA:2,1
DA:3,1
DA:5,1
DA:6,30
DA:8,30
DA:11,400
DA:14,0
DA:15,0
DA:16,0
DA:17,0
DA:20,0
DA:55,1
DA:56,30
DA:57,30
DA:60,0
DA:61,0
DA:64,0
DA:65,0
DA:71,0
DA:90,1
DA:91,30
DA:93,30
DA:94,13
DA:100,17
DA:101,0
DA:107,17
DA:108,0
DA:114,17
DA:115,0
DA:121,17
DA:134,5
DA:140,5
DA:146,5
DA:152,5
DA:157,30
DA:179,30
DA:181,30
DA:182,30
DA:184,30
DA:185,30
DA:187,30
DA:188,30
DA:189,30
DA:190,30
DA:191,30
DA:192,30
DA:193,5
DA:195,5
DA:196,25
DA:198,25
DA:201,30
DA:207,5
DA:208,30
DA:209,25
DA:210,25
DA:211,25
DA:212,25
DA:214,25
DA:215,5
DA:218,25
DA:219,25
DA:220,25
DA:222,25
DA:227,25
DA:228,25
DA:230,30
DA:237,5
DA:243,5
DA:247,2
DA:251,0
DA:255,0
DA:259,1
DA:260,5
DA:261,25
DA:271,25
DA:286,1
DA:287,5
DA:288,5
DA:294,1
LF:81
LH:66
BRDA:8,1,0,3
BRDA:8,1,1,3
BRDA:8,2,0,1
BRDA:8,2,1,2
BRDA:8,3,0,1
BRDA:8,3,1,0
BRDA:8,4,0,0
BRDA:8,4,1,1
BRDA:20,5,0,0
BRDA:20,5,1,2
BRDA:20,6,0,2
BRDA:20,6,1,2
BRDA:22,7,0,0
BRDA:22,7,1,5
BRDA:31,8,0,400
BRDA:31,8,1,0
BRDA:36,9,0,0
BRDA:36,9,1,0
BRDA:37,10,0,0
BRDA:37,10,1,0
BRDA:77,11,0,30
BRDA:77,11,1,0
BRDA:81,12,0,0
BRDA:81,12,1,0
BRDA:85,13,0,0
BRDA:85,13,1,0
BRDA:112,14,0,30
BRDA:112,14,1,0
BRDA:114,15,0,13
BRDA:114,15,1,17
BRDA:121,16,0,0
BRDA:121,16,1,17
BRDA:121,17,0,17
BRDA:121,17,1,17
BRDA:128,18,0,0
BRDA:128,18,1,17
BRDA:128,19,0,17
BRDA:128,19,1,0
BRDA:131,20,0,0
BRDA:131,20,1,0
BRDA:135,21,0,0
BRDA:135,21,1,17
BRDA:215,22,0,30
BRDA:215,22,1,0
BRDA:218,23,0,5
BRDA:218,23,1,25
BRDA:219,24,0,25
BRDA:219,24,1,5
BRDA:225,25,0,5
BRDA:225,25,1,25
BRDA:241,26,0,25
BRDA:241,26,1,5
BRDA:243,27,0,25
BRDA:243,27,1,0
BRDA:245,28,0,25
BRDA:245,28,1,25
BRDA:245,28,2,25
BRDA:252,29,0,25
BRDA:252,29,1,0
BRDA:313,30,0,0
BRDA:313,30,1,25
BRDA:327,31,0,5
BRDA:327,31,1,0
BRF:63
BRH:41
end_of_record
TN:
SF:D:\workspace\fork\projection-grid\js\vnext\projection\cells.js
FN:14,_interopRequireDefault
FN:29,translateRow
FN:56,(anonymous_3)
FN:109,cellsProjectionHandler
FN:113,(anonymous_5)
FN:128,slice
FN:132,(anonymous_7)
FN:143,(anonymous_8)
FNF:8
FNH:7
FNDA:1,_interopRequireDefault
FNDA:80,translateRow
FNDA:400,(anonymous_3)
FNDA:5,cellsProjectionHandler
FNDA:5,(anonymous_5)
FNDA:5,slice
FNDA:80,(anonymous_7)
FNDA:0,(anonymous_8)
DA:0,1
DA:1,1
DA:2,1
DA:17,1
DA:22,80
DA:23,80
DA:25,80
DA:26,0
DA:34,80
DA:35,0
DA:43,80
DA:44,80
DA:45,400
DA:46,400
DA:47,0
DA:48,400
DA:49,400
DA:50,0
DA:51,0
DA:67,400
DA:68,400
DA:69,400
DA:71,400
DA:74,80
DA:88,80
DA:97,1
DA:98,5
DA:99,5
DA:101,5
DA:102,5
DA:103,5
DA:105,0
DA:111,0
DA:114,5
DA:116,5
DA:117,5
DA:118,80
DA:127,5
DA:134,5
DA:142,1
LF:40
LH:33
BRDA:14,1,0,0
BRDA:14,1,1,1
BRDA:14,2,0,1
BRDA:14,2,1,1
BRDA:37,3,0,0
BRDA:37,3,1,80
BRDA:46,4,0,0
BRDA:46,4,1,80
BRDA:55,5,0,80
BRDA:55,5,1,0
BRDA:58,6,0,0
BRDA:58,6,1,400
BRDA:60,7,0,400
BRDA:60,7,1,0
BRDA:62,8,0,0
BRDA:62,8,1,0
BRDA:114,9,0,5
BRDA:114,9,1,0
BRDA:129,10,0,5
BRDA:129,10,1,0
BRDA:129,11,0,5
BRDA:129,11,1,5
BRDA:130,12,0,5
BRDA:130,12,1,0
BRDA:130,13,0,5
BRDA:130,13,1,5
BRF:26
BRH:16
end_of_record
TN:
SF:D:\workspace\fork\projection-grid\js\vnext\projection\sortable-header.js
FN:16,_interopRequireDefault
FN:22,reorder
FN:53,sortableHeaderProjectionHandler
FN:73,(anonymous_4)
FN:78,(anonymous_5)
FN:79,(anonymous_6)
FNF:6
FNH:6
FNDA:2,_interopRequireDefault
FNDA:2,reorder
FNDA:5,sortableHeaderProjectionHandler
FNDA:25,(anonymous_4)
FNDA:5,(anonymous_5)
FNDA:25,(anonymous_6)
DA:0,2
DA:1,1
DA:2,1
DA:4,1
DA:8,1
DA:9,2
DA:10,2
DA:12,2
DA:13,2
DA:14,2
DA:16,2
DA:17,1
DA:20,2
DA:39,1
DA:43,5
DA:54,5
DA:55,5
DA:56,5
DA:57,25
DA:58,25
DA:61,5
DA:62,5
DA:63,25
DA:64,25
DA:66,25
DA:67,13
DA:69,13
DA:82,13
DA:88,25
DA:91,5
DA:94,5
DA:98,5
DA:101,1
LF:33
LH:33
BRDA:16,1,0,0
BRDA:16,1,1,2
BRDA:16,2,0,2
BRDA:16,2,1,2
BRDA:26,3,0,2
BRDA:26,3,1,0
BRDA:27,4,0,2
BRDA:27,4,1,0
BRDA:30,5,0,1
BRDA:30,5,1,1
BRDA:54,6,0,5
BRDA:54,6,1,0
BRDA:54,7,0,5
BRDA:54,7,1,5
BRDA:59,8,0,5
BRDA:59,8,1,0
BRDA:83,9,0,13
BRDA:83,9,1,12
BRDA:83,10,0,25
BRDA:83,10,1,25
BRDA:86,11,0,13
BRDA:86,11,1,13
BRDA:101,12,0,2
BRDA:101,12,1,11
BRF:24
BRH:20
end_of_record
TN:
SF:D:\workspace\fork\projection-grid\js\vnext\projection\editable.js
FN:24,_interopRequireDefault
FN:26,deepClone
FN:35,editInColumn
FN:36,(anonymous_4)
FN:60,onSubmit
FN:63,onCancel
FN:85,handler
FN:88,(anonymous_8)
FN:94,slice
FN:97,(anonymous_10)
FN:102,(anonymous_11)
FNF:11
FNH:7
FNDA:4,_interopRequireDefault
FNDA:0,deepClone
FNDA:25,editInColumn
FNDA:0,(anonymous_4)
FNDA:0,onSubmit
FNDA:0,onCancel
FNDA:5,handler
FNDA:25,(anonymous_8)
FNDA:5,slice
FNDA:80,(anonymous_10)
FNDA:400,(anonymous_11)
DA:0,4
DA:1,1
DA:2,1
DA:3,1
DA:4,1
DA:6,1
DA:7,0
DA:8,0
DA:9,0
DA:10,0
DA:12,0
DA:15,1
DA:16,25
DA:17,0
DA:18,0
DA:19,0
DA:21,0
DA:22,0
DA:24,0
DA:25,0
DA:26,0
DA:27,0
DA:29,0
DA:32,0
DA:34,0
DA:39,0
DA:42,0
DA:50,1
DA:65,5
DA:66,5
DA:67,5
DA:68,25
DA:69,25
DA:71,5
DA:73,5
DA:74,80
DA:75,0
DA:78,80
DA:79,400
DA:81,400
DA:82,0
DA:83,0
DA:84,0
DA:86,400
DA:88,80
DA:92,5
DA:94,5
LF:47
LH:24
BRDA:24,1,0,0
BRDA:24,1,1,4
BRDA:24,2,0,4
BRDA:24,2,1,4
BRDA:27,3,0,0
BRDA:27,3,1,0
BRDA:29,4,0,0
BRDA:29,4,1,0
BRDA:43,5,0,0
BRDA:43,5,1,0
BRDA:48,6,0,0
BRDA:48,6,1,0
BRDA:61,7,0,0
BRDA:61,7,1,0
BRDA:98,8,0,0
BRDA:98,8,1,80
BRDA:105,9,0,0
BRDA:105,9,1,400
BRF:18
BRH:6
end_of_record
TN:
SF:D:\workspace\fork\projection-grid\js\vnext\projection\events.js
FN:8,(anonymous_1)
FN:8,sliceIterator
FN:8,(anonymous_3)
FN:14,_interopRequireDefault
FN:16,_defineProperty
FN:18,sequence
FN:24,(anonymous_7)
FN:31,(anonymous_8)
FN:49,eventsProjectionHandler
FN:51,(anonymous_10)
FNF:10
FNH:10
FNDA:1,(anonymous_1)
FNDA:0,sliceIterator
FNDA:35,(anonymous_3)
FNDA:1,_interopRequireDefault
FNDA:35,_defineProperty
FNDA:35,sequence
FNDA:2,(anonymous_7)
FNDA:2,(anonymous_8)
FNDA:5,eventsProjectionHandler
FNDA:35,(anonymous_10)
DA:0,35
DA:1,1
DA:3,70
DA:4,35
DA:5,35
DA:6,2
DA:22,1
DA:23,5
DA:24,35
DA:25,35
DA:30,5
DA:33,1
LF:12
LH:12
BRDA:8,1,0,0
BRDA:8,1,1,0
BRDA:8,2,0,0
BRDA:8,2,1,0
BRDA:8,3,0,0
BRDA:8,3,1,0
BRDA:8,4,0,0
BRDA:8,4,1,0
BRDA:8,5,0,0
BRDA:8,5,1,0
BRDA:8,6,0,35
BRDA:8,6,1,0
BRDA:8,7,0,0
BRDA:8,7,1,0
BRDA:14,8,0,0
BRDA:14,8,1,1
BRDA:14,9,0,1
BRDA:14,9,1,1
BRDA:16,10,0,0
BRDA:16,10,1,35
BRF:20
BRH:20
end_of_record
TN:
SF:D:\workspace\fork\projection-grid\js\vnext\layout\index.js
FN:11,get
FNF:1
FNH:1
FNDA:3,get
DA:0,3
LF:1
LH:1
BRF:0
BRH:0
end_of_record
TN:
SF:D:\workspace\fork\projection-grid\js\vnext\layout\table-view.js
FN:8,(anonymous_1)
FN:8,defineProperties
FN:8,(anonymous_3)
FN:10,get
FN:46,_interopRequireDefault
FN:48,_classCallCheck
FN:50,_possibleConstructorReturn
FN:52,_inherits
FN:69,(anonymous_9)
FN:72,TableView
FN:80,initialize
FN:110,(anonymous_12)
FN:111,(anonymous_13)
FN:122,_normalizeHeaderConfig
FN:189,_normalizeScrollingConfig
FN:208,set
FN:214,isSet
FN:222,(anonymous_18)
FN:227,slice
FN:228,(anonymous_20)
FN:256,_renderColumnGroup
FN:262,_renderHeader
FN:268,_renderFooter
FN:303,_hookUpStickyHeader
FN:314,adjustStickyHeader
FN:373,_renderStatic
FN:382,(anonymous_27)
FN:391,_renderFixed
FN:400,(anonymous_29)
FN:407,(anonymous_30)
FN:419,_renderSticky
FN:428,(anonymous_32)
FN:438,render
FN:460,remove
FN:477,scrollToItem
FN:484,indexOfElement
FN:493,get
FNF:37
FNH:33
FNDA:1,(anonymous_1)
FNDA:1,defineProperties
FNDA:1,(anonymous_3)
FNDA:3,get
FNDA:8,_interopRequireDefault
FNDA:3,_classCallCheck
FNDA:3,_possibleConstructorReturn
FNDA:1,_inherits
FNDA:1,(anonymous_9)
FNDA:3,TableView
FNDA:3,initialize
FNDA:6,(anonymous_12)
FNDA:16,(anonymous_13)
FNDA:3,_normalizeHeaderConfig
FNDA:3,_normalizeScrollingConfig
FNDA:5,set
FNDA:10,isSet
FNDA:5,(anonymous_18)
FNDA:5,slice
FNDA:80,(anonymous_20)
FNDA:8,_renderColumnGroup
FNDA:3,_renderHeader
FNDA:3,_renderFooter
FNDA:0,_hookUpStickyHeader
FNDA:0,adjustStickyHeader
FNDA:3,_renderStatic
FNDA:3,(anonymous_27)
FNDA:0,_renderFixed
FNDA:0,(anonymous_29)
FNDA:0,(anonymous_30)
FNDA:0,_renderSticky
FNDA:0,(anonymous_32)
FNDA:3,render
FNDA:3,remove
FNDA:0,scrollToItem
FNDA:0,indexOfElement
FNDA:0,get
DA:0,16
DA:1,1
DA:2,1
DA:3,1
DA:5,1
DA:7,1
DA:8,1
DA:9,1
DA:10,1
DA:12,1
DA:14,1
DA:15,1
DA:29,3
DA:30,3
DA:35,3
DA:43,3
DA:49,3
DA:50,3
DA:52,3
DA:53,16
DA:54,16
DA:60,3
DA:62,3
DA:63,3
DA:64,0
DA:65,0
DA:66,0
DA:67,0
DA:68,0
DA:71,3
DA:72,0
DA:75,3
DA:76,0
DA:79,3
DA:127,3
DA:128,3
DA:130,3
DA:132,3
DA:133,0
DA:136,3
DA:140,0
DA:143,5
DA:144,10
DA:145,5
DA:147,5
DA:149,5
DA:150,5
DA:152,5
DA:155,80
DA:160,5
DA:161,5
DA:164,5
DA:166,5
DA:167,5
DA:170,5
DA:171,5
DA:174,5
DA:176,5
DA:180,8
DA:181,8
DA:185,3
DA:186,3
DA:190,3
DA:191,3
DA:221,0
DA:222,0
DA:223,0
DA:224,0
DA:225,0
DA:226,0
DA:227,0
DA:228,0
DA:230,0
DA:231,0
DA:232,0
DA:235,0
DA:236,0
DA:237,0
DA:238,0
DA:239,0
DA:241,0
DA:242,0
DA:243,0
DA:248,0
DA:254,0
DA:255,0
DA:256,0
DA:258,0
DA:260,0
DA:261,0
DA:264,0
DA:265,0
DA:266,0
DA:267,0
DA:268,0
DA:271,0
DA:273,0
DA:276,0
DA:283,0
DA:284,0
DA:285,0
DA:288,3
DA:289,3
DA:296,3
DA:297,3
DA:298,3
DA:299,3
DA:303,0
DA:304,0
DA:311,0
DA:312,0
DA:313,0
DA:314,0
DA:317,0
DA:318,0
DA:319,0
DA:320,0
DA:321,0
DA:323,0
DA:324,0
DA:328,0
DA:329,0
DA:336,0
DA:337,0
DA:338,0
DA:339,0
DA:340,0
DA:344,3
DA:345,3
DA:347,3
DA:350,3
DA:351,3
DA:353,0
DA:354,0
DA:356,0
DA:357,0
DA:360,3
DA:364,3
DA:365,3
DA:368,3
DA:369,3
DA:372,3
DA:373,3
DA:376,3
DA:379,0
DA:380,0
DA:384,0
DA:385,0
DA:386,0
DA:388,0
LF:150
LH:74
BRDA:8,1,0,16
BRDA:8,1,1,16
BRDA:8,2,0,15
BRDA:8,2,1,1
BRDA:8,3,0,1
BRDA:8,3,1,0
BRDA:8,4,0,0
BRDA:8,4,1,1
BRDA:10,5,0,0
BRDA:10,5,1,3
BRDA:10,6,0,0
BRDA:10,6,1,3
BRDA:10,7,0,0
BRDA:10,7,1,0
BRDA:10,8,0,3
BRDA:10,8,1,0
BRDA:10,9,0,0
BRDA:10,9,1,0
BRDA:46,10,0,1
BRDA:46,10,1,7
BRDA:46,11,0,8
BRDA:46,11,1,8
BRDA:48,12,0,0
BRDA:48,12,1,3
BRDA:50,13,0,0
BRDA:50,13,1,3
BRDA:50,14,0,0
BRDA:50,14,1,3
BRDA:50,15,0,3
BRDA:50,15,1,0
BRDA:50,15,2,0
BRDA:52,16,0,0
BRDA:52,16,1,1
BRDA:52,17,0,1
BRDA:52,17,1,0
BRDA:52,18,0,1
BRDA:52,18,1,1
BRDA:52,19,0,1
BRDA:52,19,1,0
BRDA:52,20,0,0
BRDA:52,20,1,1
BRDA:75,21,0,3
BRDA:75,21,1,0
BRDA:84,22,0,3
BRDA:84,22,1,0
BRDA:86,23,0,3
BRDA:86,23,1,0
BRDA:125,24,0,3
BRDA:125,24,1,0
BRDA:127,25,0,0
BRDA:127,25,1,0
BRDA:127,26,0,0
BRDA:127,26,1,0
BRDA:130,27,0,0
BRDA:130,27,1,0
BRDA:130,28,0,0
BRDA:130,28,1,0
BRDA:134,29,0,0
BRDA:134,29,1,3
BRDA:138,30,0,0
BRDA:138,30,1,3
BRDA:138,31,0,3
BRDA:138,31,1,0
BRDA:192,32,0,3
BRDA:192,32,1,0
BRDA:194,33,0,3
BRDA:194,33,1,0
BRDA:200,34,0,0
BRDA:200,34,1,3
BRDA:211,35,0,5
BRDA:211,35,1,0
BRDA:211,36,0,5
BRDA:211,36,1,5
BRDA:212,37,0,5
BRDA:212,37,1,0
BRDA:212,38,0,5
BRDA:212,38,1,5
BRDA:221,39,0,5
BRDA:221,39,1,0
BRDA:236,40,0,5
BRDA:236,40,1,0
BRDA:242,41,0,5
BRDA:242,41,1,0
BRDA:246,42,0,5
BRDA:246,42,1,0
BRDA:315,43,0,0
BRDA:315,43,1,0
BRDA:325,44,0,0
BRDA:325,44,1,0
BRDA:328,45,0,0
BRDA:328,45,1,0
BRDA:329,46,0,0
BRDA:329,46,1,0
BRDA:333,47,0,0
BRDA:333,47,1,0
BRDA:334,48,0,0
BRDA:334,48,1,0
BRDA:335,49,0,0
BRDA:335,49,1,0
BRDA:340,50,0,0
BRDA:340,50,1,0
BRDA:342,51,0,0
BRDA:342,51,1,0
BRDA:439,52,0,3
BRDA:439,52,1,0
BRDA:439,53,0,3
BRDA:439,53,1,3
BRDA:443,54,0,0
BRDA:443,54,1,3
BRDA:443,54,2,0
BRDA:443,54,3,0
BRDA:461,55,0,3
BRDA:461,55,1,0
BRDA:465,56,0,3
BRDA:465,56,1,0
BRDA:469,57,0,3
BRDA:469,57,1,0
BRDA:473,58,0,3
BRDA:473,58,1,0
BRDA:486,59,0,0
BRDA:486,59,1,0
BRF:121
BRH:70
end_of_record
TN:
SF:D:\workspace\fork\projection-grid\js\vnext\layout\header-footer-view.js
FN:8,(anonymous_1)
FN:8,defineProperties
FN:8,(anonymous_3)
FN:22,_interopRequireDefault
FN:24,_classCallCheck
FN:26,_possibleConstructorReturn
FN:28,_inherits
FN:30,subviewClass
FN:33,subviewSelector
FN:37,(anonymous_10)
FN:40,HeaderFooterView
FN:48,initialize
FN:58,redraw
FN:61,(anonymous_14)
FN:66,(anonymous_15)
FN:67,(anonymous_16)
FN:82,(anonymous_17)
FN:88,render
FN:97,(anonymous_19)
FN:100,HeaderView
FN:108,template
FN:113,get
FN:121,(anonymous_23)
FN:124,FooterView
FN:132,template
FN:137,get
FNF:26
FNH:22
FNDA:1,(anonymous_1)
FNDA:3,defineProperties
FNDA:3,(anonymous_3)
FNDA:3,_interopRequireDefault
FNDA:12,_classCallCheck
FNDA:12,_possibleConstructorReturn
FNDA:3,_inherits
FNDA:0,subviewClass
FNDA:0,subviewSelector
FNDA:1,(anonymous_10)
FNDA:6,HeaderFooterView
FNDA:6,initialize
FNDA:16,redraw
FNDA:0,(anonymous_14)
FNDA:5,(anonymous_15)
FNDA:25,(anonymous_16)
FNDA:0,(anonymous_17)
FNDA:6,render
FNDA:1,(anonymous_19)
FNDA:3,HeaderView
FNDA:8,template
FNDA:8,get
FNDA:1,(anonymous_23)
FNDA:3,FooterView
FNDA:8,template
FNDA:8,get
DA:0,12
DA:1,1
DA:2,1
DA:3,1
DA:5,1
DA:6,1
DA:9,6
DA:10,6
DA:11,6
DA:12,6
DA:15,16
DA:16,16
DA:17,16
DA:18,16
DA:20,5
DA:21,25
DA:22,0
DA:25,0
DA:26,0
DA:28,25
DA:31,5
DA:37,16
DA:38,0
DA:43,6
DA:44,6
DA:50,8
DA:54,8
DA:61,8
DA:65,8
LF:29
LH:25
BRDA:8,1,0,7
BRDA:8,1,1,7
BRDA:8,2,0,5
BRDA:8,2,1,2
BRDA:8,3,0,3
BRDA:8,3,1,0
BRDA:8,4,0,0
BRDA:8,4,1,3
BRDA:22,5,0,0
BRDA:22,5,1,3
BRDA:22,6,0,3
BRDA:22,6,1,3
BRDA:24,7,0,0
BRDA:24,7,1,12
BRDA:26,8,0,0
BRDA:26,8,1,12
BRDA:26,9,0,6
BRDA:26,9,1,6
BRDA:26,10,0,12
BRDA:26,10,1,6
BRDA:26,10,2,0
BRDA:28,11,0,0
BRDA:28,11,1,3
BRDA:28,12,0,3
BRDA:28,12,1,0
BRDA:28,13,0,3
BRDA:28,13,1,3
BRDA:28,14,0,3
BRDA:28,14,1,0
BRDA:28,15,0,0
BRDA:28,15,1,3
BRDA:43,16,0,6
BRDA:43,16,1,0
BRDA:68,17,0,0
BRDA:68,17,1,25
BRDA:103,18,0,3
BRDA:103,18,1,0
BRDA:127,19,0,3
BRDA:127,19,1,0
BRF:39
BRH:38
end_of_record
